CRITICAL - 2024-10-19 06:56:57 --> ParseError: syntax error, unexpected token "list", expecting identifier
[Method: GET, Route: /]
in APPPATH\Controllers\List.php on line 5.
 1 SYSTEMPATH\Autoloader\Autoloader.php(296): CodeIgniter\Autoloader\Autoloader->includeFile('C:\\xampp\\htdocs\\Ci4\\app\\Controllers\\List.php')
 2 SYSTEMPATH\Autoloader\Autoloader.php(272): CodeIgniter\Autoloader\Autoloader->loadInNamespace('App\\Controllers\\List')
 3 [internal function]: CodeIgniter\Autoloader\Autoloader->loadClass('App\\Controllers\\List')
 4 SYSTEMPATH\CodeIgniter.php(887): class_exists('\\App\\Controllers\\List', true)
 5 SYSTEMPATH\CodeIgniter.php(496): CodeIgniter\CodeIgniter->startController()
 6 SYSTEMPATH\CodeIgniter.php(355): CodeIgniter\CodeIgniter->handleRequest(null, Object(Config\Cache), false)
 7 SYSTEMPATH\Boot.php(325): CodeIgniter\CodeIgniter->run()
 8 SYSTEMPATH\Boot.php(67): CodeIgniter\Boot::runCodeIgniter(Object(CodeIgniter\CodeIgniter))
 9 FCPATH\index.php(56): CodeIgniter\Boot::bootWeb(Object(Config\Paths))
10 SYSTEMPATH\rewrite.php(44): require_once('C:\\xampp\\htdocs\\Ci4\\public\\index.php')
CRITICAL - 2024-10-19 06:57:05 --> ParseError: syntax error, unexpected token "list", expecting identifier
[Method: GET, Route: /]
in APPPATH\Controllers\List.php on line 5.
 1 SYSTEMPATH\Autoloader\Autoloader.php(296): CodeIgniter\Autoloader\Autoloader->includeFile('C:\\xampp\\htdocs\\Ci4\\app\\Controllers\\List.php')
 2 SYSTEMPATH\Autoloader\Autoloader.php(272): CodeIgniter\Autoloader\Autoloader->loadInNamespace('App\\Controllers\\List')
 3 [internal function]: CodeIgniter\Autoloader\Autoloader->loadClass('App\\Controllers\\List')
 4 SYSTEMPATH\CodeIgniter.php(887): class_exists('\\App\\Controllers\\List', true)
 5 SYSTEMPATH\CodeIgniter.php(496): CodeIgniter\CodeIgniter->startController()
 6 SYSTEMPATH\CodeIgniter.php(355): CodeIgniter\CodeIgniter->handleRequest(null, Object(Config\Cache), false)
 7 SYSTEMPATH\Boot.php(325): CodeIgniter\CodeIgniter->run()
 8 SYSTEMPATH\Boot.php(67): CodeIgniter\Boot::runCodeIgniter(Object(CodeIgniter\CodeIgniter))
 9 FCPATH\index.php(56): CodeIgniter\Boot::bootWeb(Object(Config\Paths))
10 SYSTEMPATH\rewrite.php(44): require_once('C:\\xampp\\htdocs\\Ci4\\public\\index.php')
CRITICAL - 2024-10-19 07:12:08 --> ParseError: syntax error, unexpected token "list", expecting identifier
[Method: GET, Route: list]
in APPPATH\Controllers\List.php on line 5.
 1 SYSTEMPATH\Autoloader\Autoloader.php(296): CodeIgniter\Autoloader\Autoloader->includeFile('C:\\xampp\\htdocs\\Ci4\\app\\Controllers\\List.php')
 2 SYSTEMPATH\Autoloader\Autoloader.php(272): CodeIgniter\Autoloader\Autoloader->loadInNamespace('App\\Controllers\\List')
 3 [internal function]: CodeIgniter\Autoloader\Autoloader->loadClass('App\\Controllers\\List')
 4 SYSTEMPATH\CodeIgniter.php(887): class_exists('\\App\\Controllers\\List', true)
 5 SYSTEMPATH\CodeIgniter.php(496): CodeIgniter\CodeIgniter->startController()
 6 SYSTEMPATH\CodeIgniter.php(355): CodeIgniter\CodeIgniter->handleRequest(null, Object(Config\Cache), false)
 7 SYSTEMPATH\Boot.php(325): CodeIgniter\CodeIgniter->run()
 8 SYSTEMPATH\Boot.php(67): CodeIgniter\Boot::runCodeIgniter(Object(CodeIgniter\CodeIgniter))
 9 FCPATH\index.php(56): CodeIgniter\Boot::bootWeb(Object(Config\Paths))
10 SYSTEMPATH\rewrite.php(44): require_once('C:\\xampp\\htdocs\\Ci4\\public\\index.php')
CRITICAL - 2024-10-19 07:12:18 --> ParseError: syntax error, unexpected token "list", expecting identifier
[Method: GET, Route: list]
in APPPATH\Controllers\List.php on line 5.
 1 SYSTEMPATH\Autoloader\Autoloader.php(296): CodeIgniter\Autoloader\Autoloader->includeFile('C:\\xampp\\htdocs\\Ci4\\app\\Controllers\\List.php')
 2 SYSTEMPATH\Autoloader\Autoloader.php(272): CodeIgniter\Autoloader\Autoloader->loadInNamespace('App\\Controllers\\List')
 3 [internal function]: CodeIgniter\Autoloader\Autoloader->loadClass('App\\Controllers\\List')
 4 SYSTEMPATH\CodeIgniter.php(887): class_exists('\\App\\Controllers\\List', true)
 5 SYSTEMPATH\CodeIgniter.php(496): CodeIgniter\CodeIgniter->startController()
 6 SYSTEMPATH\CodeIgniter.php(355): CodeIgniter\CodeIgniter->handleRequest(null, Object(Config\Cache), false)
 7 SYSTEMPATH\Boot.php(325): CodeIgniter\CodeIgniter->run()
 8 SYSTEMPATH\Boot.php(67): CodeIgniter\Boot::runCodeIgniter(Object(CodeIgniter\CodeIgniter))
 9 FCPATH\index.php(56): CodeIgniter\Boot::bootWeb(Object(Config\Paths))
10 SYSTEMPATH\rewrite.php(44): require_once('C:\\xampp\\htdocs\\Ci4\\public\\index.php')
CRITICAL - 2024-10-19 07:12:23 --> ParseError: syntax error, unexpected token "list", expecting identifier
[Method: GET, Route: list]
in APPPATH\Controllers\List.php on line 5.
 1 SYSTEMPATH\Autoloader\Autoloader.php(296): CodeIgniter\Autoloader\Autoloader->includeFile('C:\\xampp\\htdocs\\Ci4\\app\\Controllers\\List.php')
 2 SYSTEMPATH\Autoloader\Autoloader.php(272): CodeIgniter\Autoloader\Autoloader->loadInNamespace('App\\Controllers\\List')
 3 [internal function]: CodeIgniter\Autoloader\Autoloader->loadClass('App\\Controllers\\List')
 4 SYSTEMPATH\CodeIgniter.php(887): class_exists('\\App\\Controllers\\List', true)
 5 SYSTEMPATH\CodeIgniter.php(496): CodeIgniter\CodeIgniter->startController()
 6 SYSTEMPATH\CodeIgniter.php(355): CodeIgniter\CodeIgniter->handleRequest(null, Object(Config\Cache), false)
 7 SYSTEMPATH\Boot.php(325): CodeIgniter\CodeIgniter->run()
 8 SYSTEMPATH\Boot.php(67): CodeIgniter\Boot::runCodeIgniter(Object(CodeIgniter\CodeIgniter))
 9 FCPATH\index.php(56): CodeIgniter\Boot::bootWeb(Object(Config\Paths))
10 SYSTEMPATH\rewrite.php(44): require_once('C:\\xampp\\htdocs\\Ci4\\public\\index.php')
CRITICAL - 2024-10-19 07:12:43 --> ParseError: syntax error, unexpected token "list", expecting identifier
[Method: GET, Route: list]
in APPPATH\Controllers\List.php on line 5.
 1 SYSTEMPATH\Autoloader\Autoloader.php(296): CodeIgniter\Autoloader\Autoloader->includeFile('C:\\xampp\\htdocs\\Ci4\\app\\Controllers\\List.php')
 2 SYSTEMPATH\Autoloader\Autoloader.php(272): CodeIgniter\Autoloader\Autoloader->loadInNamespace('App\\Controllers\\List')
 3 [internal function]: CodeIgniter\Autoloader\Autoloader->loadClass('App\\Controllers\\List')
 4 SYSTEMPATH\CodeIgniter.php(887): class_exists('\\App\\Controllers\\List', true)
 5 SYSTEMPATH\CodeIgniter.php(496): CodeIgniter\CodeIgniter->startController()
 6 SYSTEMPATH\CodeIgniter.php(355): CodeIgniter\CodeIgniter->handleRequest(null, Object(Config\Cache), false)
 7 SYSTEMPATH\Boot.php(325): CodeIgniter\CodeIgniter->run()
 8 SYSTEMPATH\Boot.php(67): CodeIgniter\Boot::runCodeIgniter(Object(CodeIgniter\CodeIgniter))
 9 FCPATH\index.php(56): CodeIgniter\Boot::bootWeb(Object(Config\Paths))
10 SYSTEMPATH\rewrite.php(44): require_once('C:\\xampp\\htdocs\\Ci4\\public\\index.php')
CRITICAL - 2024-10-19 07:12:45 --> ParseError: syntax error, unexpected token "list", expecting identifier
[Method: GET, Route: list]
in APPPATH\Controllers\List.php on line 5.
 1 SYSTEMPATH\Autoloader\Autoloader.php(296): CodeIgniter\Autoloader\Autoloader->includeFile('C:\\xampp\\htdocs\\Ci4\\app\\Controllers\\List.php')
 2 SYSTEMPATH\Autoloader\Autoloader.php(272): CodeIgniter\Autoloader\Autoloader->loadInNamespace('App\\Controllers\\List')
 3 [internal function]: CodeIgniter\Autoloader\Autoloader->loadClass('App\\Controllers\\List')
 4 SYSTEMPATH\CodeIgniter.php(887): class_exists('\\App\\Controllers\\List', true)
 5 SYSTEMPATH\CodeIgniter.php(496): CodeIgniter\CodeIgniter->startController()
 6 SYSTEMPATH\CodeIgniter.php(355): CodeIgniter\CodeIgniter->handleRequest(null, Object(Config\Cache), false)
 7 SYSTEMPATH\Boot.php(325): CodeIgniter\CodeIgniter->run()
 8 SYSTEMPATH\Boot.php(67): CodeIgniter\Boot::runCodeIgniter(Object(CodeIgniter\CodeIgniter))
 9 FCPATH\index.php(56): CodeIgniter\Boot::bootWeb(Object(Config\Paths))
10 SYSTEMPATH\rewrite.php(44): require_once('C:\\xampp\\htdocs\\Ci4\\public\\index.php')
CRITICAL - 2024-10-19 07:15:51 --> ParseError: syntax error, unexpected token "list", expecting identifier
[Method: GET, Route: list]
in APPPATH\Controllers\List.php on line 5.
 1 SYSTEMPATH\Autoloader\Autoloader.php(296): CodeIgniter\Autoloader\Autoloader->includeFile('C:\\xampp\\htdocs\\Ci4\\app\\Controllers\\List.php')
 2 SYSTEMPATH\Autoloader\Autoloader.php(272): CodeIgniter\Autoloader\Autoloader->loadInNamespace('App\\Controllers\\List')
 3 [internal function]: CodeIgniter\Autoloader\Autoloader->loadClass('App\\Controllers\\List')
 4 SYSTEMPATH\CodeIgniter.php(887): class_exists('\\App\\Controllers\\List', true)
 5 SYSTEMPATH\CodeIgniter.php(496): CodeIgniter\CodeIgniter->startController()
 6 SYSTEMPATH\CodeIgniter.php(355): CodeIgniter\CodeIgniter->handleRequest(null, Object(Config\Cache), false)
 7 SYSTEMPATH\Boot.php(325): CodeIgniter\CodeIgniter->run()
 8 SYSTEMPATH\Boot.php(67): CodeIgniter\Boot::runCodeIgniter(Object(CodeIgniter\CodeIgniter))
 9 FCPATH\index.php(56): CodeIgniter\Boot::bootWeb(Object(Config\Paths))
10 SYSTEMPATH\rewrite.php(44): require_once('C:\\xampp\\htdocs\\Ci4\\public\\index.php')
CRITICAL - 2024-10-19 07:16:08 --> ParseError: syntax error, unexpected token "list", expecting identifier
[Method: GET, Route: list]
in APPPATH\Controllers\List.php on line 5.
 1 SYSTEMPATH\Autoloader\Autoloader.php(296): CodeIgniter\Autoloader\Autoloader->includeFile('C:\\xampp\\htdocs\\Ci4\\app\\Controllers\\List.php')
 2 SYSTEMPATH\Autoloader\Autoloader.php(272): CodeIgniter\Autoloader\Autoloader->loadInNamespace('App\\Controllers\\List')
 3 [internal function]: CodeIgniter\Autoloader\Autoloader->loadClass('App\\Controllers\\List')
 4 SYSTEMPATH\CodeIgniter.php(887): class_exists('\\App\\Controllers\\List', true)
 5 SYSTEMPATH\CodeIgniter.php(496): CodeIgniter\CodeIgniter->startController()
 6 SYSTEMPATH\CodeIgniter.php(355): CodeIgniter\CodeIgniter->handleRequest(null, Object(Config\Cache), false)
 7 SYSTEMPATH\Boot.php(325): CodeIgniter\CodeIgniter->run()
 8 SYSTEMPATH\Boot.php(67): CodeIgniter\Boot::runCodeIgniter(Object(CodeIgniter\CodeIgniter))
 9 FCPATH\index.php(56): CodeIgniter\Boot::bootWeb(Object(Config\Paths))
10 SYSTEMPATH\rewrite.php(44): require_once('C:\\xampp\\htdocs\\Ci4\\public\\index.php')
CRITICAL - 2024-10-19 07:34:40 --> ParseError: syntax error, unexpected token "list", expecting identifier
[Method: GET, Route: list]
in APPPATH\Controllers\List.php on line 5.
 1 SYSTEMPATH\Autoloader\Autoloader.php(296): CodeIgniter\Autoloader\Autoloader->includeFile('C:\\xampp\\htdocs\\Ci4\\app\\Controllers\\List.php')
 2 SYSTEMPATH\Autoloader\Autoloader.php(272): CodeIgniter\Autoloader\Autoloader->loadInNamespace('App\\Controllers\\List')
 3 [internal function]: CodeIgniter\Autoloader\Autoloader->loadClass('App\\Controllers\\List')
 4 SYSTEMPATH\CodeIgniter.php(887): class_exists('\\App\\Controllers\\List', true)
 5 SYSTEMPATH\CodeIgniter.php(496): CodeIgniter\CodeIgniter->startController()
 6 SYSTEMPATH\CodeIgniter.php(355): CodeIgniter\CodeIgniter->handleRequest(null, Object(Config\Cache), false)
 7 SYSTEMPATH\Boot.php(325): CodeIgniter\CodeIgniter->run()
 8 SYSTEMPATH\Boot.php(67): CodeIgniter\Boot::runCodeIgniter(Object(CodeIgniter\CodeIgniter))
 9 FCPATH\index.php(56): CodeIgniter\Boot::bootWeb(Object(Config\Paths))
10 SYSTEMPATH\rewrite.php(44): require_once('C:\\xampp\\htdocs\\Ci4\\public\\index.php')
CRITICAL - 2024-10-19 09:13:50 --> CodeIgniter\Database\Exceptions\DataException: There is no data to insert.
[Method: POST, Route: form/save]
in SYSTEMPATH\BaseModel.php on line 826.
 1 SYSTEMPATH\BaseModel.php(826): CodeIgniter\Database\Exceptions\DataException::forEmptyDataset('insert')
 2 SYSTEMPATH\Model.php(802): CodeIgniter\BaseModel->insert([], true)
 3 APPPATH\Controllers\Form.php(31): CodeIgniter\Model->insert([...])
 4 SYSTEMPATH\CodeIgniter.php(933): App\Controllers\Form->save()
 5 SYSTEMPATH\CodeIgniter.php(509): CodeIgniter\CodeIgniter->runController(Object(App\Controllers\Form))
 6 SYSTEMPATH\CodeIgniter.php(355): CodeIgniter\CodeIgniter->handleRequest(null, Object(Config\Cache), false)
 7 SYSTEMPATH\Boot.php(325): CodeIgniter\CodeIgniter->run()
 8 SYSTEMPATH\Boot.php(67): CodeIgniter\Boot::runCodeIgniter(Object(CodeIgniter\CodeIgniter))
 9 FCPATH\index.php(56): CodeIgniter\Boot::bootWeb(Object(Config\Paths))
10 SYSTEMPATH\rewrite.php(44): require_once('C:\\xampp\\htdocs\\Ci4\\public\\index.php')
CRITICAL - 2024-10-19 09:14:02 --> CodeIgniter\Database\Exceptions\DataException: There is no data to insert.
[Method: POST, Route: form/save]
in SYSTEMPATH\BaseModel.php on line 826.
 1 SYSTEMPATH\BaseModel.php(826): CodeIgniter\Database\Exceptions\DataException::forEmptyDataset('insert')
 2 SYSTEMPATH\Model.php(802): CodeIgniter\BaseModel->insert([], true)
 3 APPPATH\Controllers\Form.php(31): CodeIgniter\Model->insert([...])
 4 SYSTEMPATH\CodeIgniter.php(933): App\Controllers\Form->save()
 5 SYSTEMPATH\CodeIgniter.php(509): CodeIgniter\CodeIgniter->runController(Object(App\Controllers\Form))
 6 SYSTEMPATH\CodeIgniter.php(355): CodeIgniter\CodeIgniter->handleRequest(null, Object(Config\Cache), false)
 7 SYSTEMPATH\Boot.php(325): CodeIgniter\CodeIgniter->run()
 8 SYSTEMPATH\Boot.php(67): CodeIgniter\Boot::runCodeIgniter(Object(CodeIgniter\CodeIgniter))
 9 FCPATH\index.php(56): CodeIgniter\Boot::bootWeb(Object(Config\Paths))
10 SYSTEMPATH\rewrite.php(44): require_once('C:\\xampp\\htdocs\\Ci4\\public\\index.php')
CRITICAL - 2024-10-19 09:15:01 --> CodeIgniter\Database\Exceptions\DataException: There is no data to insert.
[Method: POST, Route: form/save]
in SYSTEMPATH\BaseModel.php on line 826.
 1 SYSTEMPATH\BaseModel.php(826): CodeIgniter\Database\Exceptions\DataException::forEmptyDataset('insert')
 2 SYSTEMPATH\Model.php(802): CodeIgniter\BaseModel->insert([], true)
 3 APPPATH\Controllers\Form.php(31): CodeIgniter\Model->insert([...])
 4 SYSTEMPATH\CodeIgniter.php(933): App\Controllers\Form->save()
 5 SYSTEMPATH\CodeIgniter.php(509): CodeIgniter\CodeIgniter->runController(Object(App\Controllers\Form))
 6 SYSTEMPATH\CodeIgniter.php(355): CodeIgniter\CodeIgniter->handleRequest(null, Object(Config\Cache), false)
 7 SYSTEMPATH\Boot.php(325): CodeIgniter\CodeIgniter->run()
 8 SYSTEMPATH\Boot.php(67): CodeIgniter\Boot::runCodeIgniter(Object(CodeIgniter\CodeIgniter))
 9 FCPATH\index.php(56): CodeIgniter\Boot::bootWeb(Object(Config\Paths))
10 SYSTEMPATH\rewrite.php(44): require_once('C:\\xampp\\htdocs\\Ci4\\public\\index.php')
CRITICAL - 2024-10-19 09:17:32 --> CodeIgniter\Database\Exceptions\DataException: There is no data to insert.
[Method: POST, Route: form/save]
in SYSTEMPATH\BaseModel.php on line 826.
 1 SYSTEMPATH\BaseModel.php(826): CodeIgniter\Database\Exceptions\DataException::forEmptyDataset('insert')
 2 SYSTEMPATH\Model.php(802): CodeIgniter\BaseModel->insert([], true)
 3 APPPATH\Controllers\Form.php(32): CodeIgniter\Model->insert([...])
 4 SYSTEMPATH\CodeIgniter.php(933): App\Controllers\Form->save()
 5 SYSTEMPATH\CodeIgniter.php(509): CodeIgniter\CodeIgniter->runController(Object(App\Controllers\Form))
 6 SYSTEMPATH\CodeIgniter.php(355): CodeIgniter\CodeIgniter->handleRequest(null, Object(Config\Cache), false)
 7 SYSTEMPATH\Boot.php(325): CodeIgniter\CodeIgniter->run()
 8 SYSTEMPATH\Boot.php(67): CodeIgniter\Boot::runCodeIgniter(Object(CodeIgniter\CodeIgniter))
 9 FCPATH\index.php(56): CodeIgniter\Boot::bootWeb(Object(Config\Paths))
10 SYSTEMPATH\rewrite.php(44): require_once('C:\\xampp\\htdocs\\Ci4\\public\\index.php')
CRITICAL - 2024-10-19 09:17:39 --> CodeIgniter\Database\Exceptions\DataException: There is no data to insert.
[Method: POST, Route: form/save]
in SYSTEMPATH\BaseModel.php on line 826.
 1 SYSTEMPATH\BaseModel.php(826): CodeIgniter\Database\Exceptions\DataException::forEmptyDataset('insert')
 2 SYSTEMPATH\Model.php(802): CodeIgniter\BaseModel->insert([], true)
 3 APPPATH\Controllers\Form.php(32): CodeIgniter\Model->insert([...])
 4 SYSTEMPATH\CodeIgniter.php(933): App\Controllers\Form->save()
 5 SYSTEMPATH\CodeIgniter.php(509): CodeIgniter\CodeIgniter->runController(Object(App\Controllers\Form))
 6 SYSTEMPATH\CodeIgniter.php(355): CodeIgniter\CodeIgniter->handleRequest(null, Object(Config\Cache), false)
 7 SYSTEMPATH\Boot.php(325): CodeIgniter\CodeIgniter->run()
 8 SYSTEMPATH\Boot.php(67): CodeIgniter\Boot::runCodeIgniter(Object(CodeIgniter\CodeIgniter))
 9 FCPATH\index.php(56): CodeIgniter\Boot::bootWeb(Object(Config\Paths))
10 SYSTEMPATH\rewrite.php(44): require_once('C:\\xampp\\htdocs\\Ci4\\public\\index.php')
CRITICAL - 2024-10-19 09:24:01 --> ErrorException: Undefined array key "full_name"
[Method: GET, Route: /]
in APPPATH\Views\list.php on line 27.
 1 APPPATH\Views\list.php(27): CodeIgniter\Debug\Exceptions->errorHandler(2, 'Undefined array key "full_name"', 'C:\\xampp\\htdocs\\Ci4\\app\\Views\\list.php', 27)
 2 SYSTEMPATH\View\View.php(234): include('C:\\xampp\\htdocs\\Ci4\\app\\Views\\list.php')
 3 SYSTEMPATH\View\View.php(237): CodeIgniter\View\View->CodeIgniter\View\{closure}()
 4 SYSTEMPATH\Common.php(1171): CodeIgniter\View\View->render('list', [], true)
 5 APPPATH\Controllers\Home.php(14): view('list', [...])
 6 SYSTEMPATH\CodeIgniter.php(933): App\Controllers\Home->index()
 7 SYSTEMPATH\CodeIgniter.php(509): CodeIgniter\CodeIgniter->runController(Object(App\Controllers\Home))
 8 SYSTEMPATH\CodeIgniter.php(355): CodeIgniter\CodeIgniter->handleRequest(null, Object(Config\Cache), false)
 9 SYSTEMPATH\Boot.php(325): CodeIgniter\CodeIgniter->run()
10 SYSTEMPATH\Boot.php(67): CodeIgniter\Boot::runCodeIgniter(Object(CodeIgniter\CodeIgniter))
11 FCPATH\index.php(56): CodeIgniter\Boot::bootWeb(Object(Config\Paths))
12 SYSTEMPATH\rewrite.php(44): require_once('C:\\xampp\\htdocs\\Ci4\\public\\index.php')
CRITICAL - 2024-10-19 09:24:04 --> ErrorException: Undefined array key "full_name"
[Method: GET, Route: /]
in APPPATH\Views\list.php on line 27.
 1 APPPATH\Views\list.php(27): CodeIgniter\Debug\Exceptions->errorHandler(2, 'Undefined array key "full_name"', 'C:\\xampp\\htdocs\\Ci4\\app\\Views\\list.php', 27)
 2 SYSTEMPATH\View\View.php(234): include('C:\\xampp\\htdocs\\Ci4\\app\\Views\\list.php')
 3 SYSTEMPATH\View\View.php(237): CodeIgniter\View\View->CodeIgniter\View\{closure}()
 4 SYSTEMPATH\Common.php(1171): CodeIgniter\View\View->render('list', [], true)
 5 APPPATH\Controllers\Home.php(14): view('list', [...])
 6 SYSTEMPATH\CodeIgniter.php(933): App\Controllers\Home->index()
 7 SYSTEMPATH\CodeIgniter.php(509): CodeIgniter\CodeIgniter->runController(Object(App\Controllers\Home))
 8 SYSTEMPATH\CodeIgniter.php(355): CodeIgniter\CodeIgniter->handleRequest(null, Object(Config\Cache), false)
 9 SYSTEMPATH\Boot.php(325): CodeIgniter\CodeIgniter->run()
10 SYSTEMPATH\Boot.php(67): CodeIgniter\Boot::runCodeIgniter(Object(CodeIgniter\CodeIgniter))
11 FCPATH\index.php(56): CodeIgniter\Boot::bootWeb(Object(Config\Paths))
12 SYSTEMPATH\rewrite.php(44): require_once('C:\\xampp\\htdocs\\Ci4\\public\\index.php')
CRITICAL - 2024-10-19 09:24:06 --> ErrorException: Undefined array key "full_name"
[Method: GET, Route: /]
in APPPATH\Views\list.php on line 27.
 1 APPPATH\Views\list.php(27): CodeIgniter\Debug\Exceptions->errorHandler(2, 'Undefined array key "full_name"', 'C:\\xampp\\htdocs\\Ci4\\app\\Views\\list.php', 27)
 2 SYSTEMPATH\View\View.php(234): include('C:\\xampp\\htdocs\\Ci4\\app\\Views\\list.php')
 3 SYSTEMPATH\View\View.php(237): CodeIgniter\View\View->CodeIgniter\View\{closure}()
 4 SYSTEMPATH\Common.php(1171): CodeIgniter\View\View->render('list', [], true)
 5 APPPATH\Controllers\Home.php(14): view('list', [...])
 6 SYSTEMPATH\CodeIgniter.php(933): App\Controllers\Home->index()
 7 SYSTEMPATH\CodeIgniter.php(509): CodeIgniter\CodeIgniter->runController(Object(App\Controllers\Home))
 8 SYSTEMPATH\CodeIgniter.php(355): CodeIgniter\CodeIgniter->handleRequest(null, Object(Config\Cache), false)
 9 SYSTEMPATH\Boot.php(325): CodeIgniter\CodeIgniter->run()
10 SYSTEMPATH\Boot.php(67): CodeIgniter\Boot::runCodeIgniter(Object(CodeIgniter\CodeIgniter))
11 FCPATH\index.php(56): CodeIgniter\Boot::bootWeb(Object(Config\Paths))
12 SYSTEMPATH\rewrite.php(44): require_once('C:\\xampp\\htdocs\\Ci4\\public\\index.php')
CRITICAL - 2024-10-19 09:25:50 --> ErrorException: Undefined array key "full_name"
[Method: GET, Route: /]
in APPPATH\Views\list.php on line 27.
 1 APPPATH\Views\list.php(27): CodeIgniter\Debug\Exceptions->errorHandler(2, 'Undefined array key "full_name"', 'C:\\xampp\\htdocs\\Ci4\\app\\Views\\list.php', 27)
 2 SYSTEMPATH\View\View.php(234): include('C:\\xampp\\htdocs\\Ci4\\app\\Views\\list.php')
 3 SYSTEMPATH\View\View.php(237): CodeIgniter\View\View->CodeIgniter\View\{closure}()
 4 SYSTEMPATH\Common.php(1171): CodeIgniter\View\View->render('list', [], true)
 5 APPPATH\Controllers\Home.php(14): view('list', [...])
 6 SYSTEMPATH\CodeIgniter.php(933): App\Controllers\Home->index()
 7 SYSTEMPATH\CodeIgniter.php(509): CodeIgniter\CodeIgniter->runController(Object(App\Controllers\Home))
 8 SYSTEMPATH\CodeIgniter.php(355): CodeIgniter\CodeIgniter->handleRequest(null, Object(Config\Cache), false)
 9 SYSTEMPATH\Boot.php(325): CodeIgniter\CodeIgniter->run()
10 SYSTEMPATH\Boot.php(67): CodeIgniter\Boot::runCodeIgniter(Object(CodeIgniter\CodeIgniter))
11 FCPATH\index.php(56): CodeIgniter\Boot::bootWeb(Object(Config\Paths))
12 SYSTEMPATH\rewrite.php(44): require_once('C:\\xampp\\htdocs\\Ci4\\public\\index.php')
CRITICAL - 2024-10-19 09:25:52 --> ErrorException: Undefined array key "full_name"
[Method: GET, Route: /]
in APPPATH\Views\list.php on line 27.
 1 APPPATH\Views\list.php(27): CodeIgniter\Debug\Exceptions->errorHandler(2, 'Undefined array key "full_name"', 'C:\\xampp\\htdocs\\Ci4\\app\\Views\\list.php', 27)
 2 SYSTEMPATH\View\View.php(234): include('C:\\xampp\\htdocs\\Ci4\\app\\Views\\list.php')
 3 SYSTEMPATH\View\View.php(237): CodeIgniter\View\View->CodeIgniter\View\{closure}()
 4 SYSTEMPATH\Common.php(1171): CodeIgniter\View\View->render('list', [], true)
 5 APPPATH\Controllers\Home.php(14): view('list', [...])
 6 SYSTEMPATH\CodeIgniter.php(933): App\Controllers\Home->index()
 7 SYSTEMPATH\CodeIgniter.php(509): CodeIgniter\CodeIgniter->runController(Object(App\Controllers\Home))
 8 SYSTEMPATH\CodeIgniter.php(355): CodeIgniter\CodeIgniter->handleRequest(null, Object(Config\Cache), false)
 9 SYSTEMPATH\Boot.php(325): CodeIgniter\CodeIgniter->run()
10 SYSTEMPATH\Boot.php(67): CodeIgniter\Boot::runCodeIgniter(Object(CodeIgniter\CodeIgniter))
11 FCPATH\index.php(56): CodeIgniter\Boot::bootWeb(Object(Config\Paths))
12 SYSTEMPATH\rewrite.php(44): require_once('C:\\xampp\\htdocs\\Ci4\\public\\index.php')
CRITICAL - 2024-10-19 09:27:31 --> ErrorException: Undefined array key "full_name"
[Method: GET, Route: /]
in APPPATH\Views\list.php on line 27.
 1 APPPATH\Views\list.php(27): CodeIgniter\Debug\Exceptions->errorHandler(2, 'Undefined array key "full_name"', 'C:\\xampp\\htdocs\\Ci4\\app\\Views\\list.php', 27)
 2 SYSTEMPATH\View\View.php(234): include('C:\\xampp\\htdocs\\Ci4\\app\\Views\\list.php')
 3 SYSTEMPATH\View\View.php(237): CodeIgniter\View\View->CodeIgniter\View\{closure}()
 4 SYSTEMPATH\Common.php(1171): CodeIgniter\View\View->render('list', [], true)
 5 APPPATH\Controllers\Home.php(14): view('list', [...])
 6 SYSTEMPATH\CodeIgniter.php(933): App\Controllers\Home->index()
 7 SYSTEMPATH\CodeIgniter.php(509): CodeIgniter\CodeIgniter->runController(Object(App\Controllers\Home))
 8 SYSTEMPATH\CodeIgniter.php(355): CodeIgniter\CodeIgniter->handleRequest(null, Object(Config\Cache), false)
 9 SYSTEMPATH\Boot.php(325): CodeIgniter\CodeIgniter->run()
10 SYSTEMPATH\Boot.php(67): CodeIgniter\Boot::runCodeIgniter(Object(CodeIgniter\CodeIgniter))
11 FCPATH\index.php(56): CodeIgniter\Boot::bootWeb(Object(Config\Paths))
12 SYSTEMPATH\rewrite.php(44): require_once('C:\\xampp\\htdocs\\Ci4\\public\\index.php')
CRITICAL - 2024-10-19 09:27:33 --> ErrorException: Undefined array key "full_name"
[Method: GET, Route: /]
in APPPATH\Views\list.php on line 27.
 1 APPPATH\Views\list.php(27): CodeIgniter\Debug\Exceptions->errorHandler(2, 'Undefined array key "full_name"', 'C:\\xampp\\htdocs\\Ci4\\app\\Views\\list.php', 27)
 2 SYSTEMPATH\View\View.php(234): include('C:\\xampp\\htdocs\\Ci4\\app\\Views\\list.php')
 3 SYSTEMPATH\View\View.php(237): CodeIgniter\View\View->CodeIgniter\View\{closure}()
 4 SYSTEMPATH\Common.php(1171): CodeIgniter\View\View->render('list', [], true)
 5 APPPATH\Controllers\Home.php(14): view('list', [...])
 6 SYSTEMPATH\CodeIgniter.php(933): App\Controllers\Home->index()
 7 SYSTEMPATH\CodeIgniter.php(509): CodeIgniter\CodeIgniter->runController(Object(App\Controllers\Home))
 8 SYSTEMPATH\CodeIgniter.php(355): CodeIgniter\CodeIgniter->handleRequest(null, Object(Config\Cache), false)
 9 SYSTEMPATH\Boot.php(325): CodeIgniter\CodeIgniter->run()
10 SYSTEMPATH\Boot.php(67): CodeIgniter\Boot::runCodeIgniter(Object(CodeIgniter\CodeIgniter))
11 FCPATH\index.php(56): CodeIgniter\Boot::bootWeb(Object(Config\Paths))
12 SYSTEMPATH\rewrite.php(44): require_once('C:\\xampp\\htdocs\\Ci4\\public\\index.php')
CRITICAL - 2024-10-19 09:38:42 --> ErrorException: A void function must not return a value
[Method: GET, Route: article]
in APPPATH\Controllers\Article.php on line 31.
 1 [internal function]: CodeIgniter\Debug\Exceptions->shutdownHandler()
CRITICAL - 2024-10-19 09:39:08 --> ErrorException: Undefined array key "full_name"
[Method: GET, Route: /]
in APPPATH\Views\list.php on line 27.
 1 APPPATH\Views\list.php(27): CodeIgniter\Debug\Exceptions->errorHandler(2, 'Undefined array key "full_name"', 'C:\\xampp\\htdocs\\Ci4\\app\\Views\\list.php', 27)
 2 SYSTEMPATH\View\View.php(234): include('C:\\xampp\\htdocs\\Ci4\\app\\Views\\list.php')
 3 SYSTEMPATH\View\View.php(237): CodeIgniter\View\View->CodeIgniter\View\{closure}()
 4 SYSTEMPATH\Common.php(1171): CodeIgniter\View\View->render('list', [], true)
 5 APPPATH\Controllers\Home.php(14): view('list', [...])
 6 SYSTEMPATH\CodeIgniter.php(933): App\Controllers\Home->index()
 7 SYSTEMPATH\CodeIgniter.php(509): CodeIgniter\CodeIgniter->runController(Object(App\Controllers\Home))
 8 SYSTEMPATH\CodeIgniter.php(355): CodeIgniter\CodeIgniter->handleRequest(null, Object(Config\Cache), false)
 9 SYSTEMPATH\Boot.php(325): CodeIgniter\CodeIgniter->run()
10 SYSTEMPATH\Boot.php(67): CodeIgniter\Boot::runCodeIgniter(Object(CodeIgniter\CodeIgniter))
11 FCPATH\index.php(56): CodeIgniter\Boot::bootWeb(Object(Config\Paths))
12 SYSTEMPATH\rewrite.php(44): require_once('C:\\xampp\\htdocs\\Ci4\\public\\index.php')
CRITICAL - 2024-10-19 09:39:10 --> ErrorException: Undefined array key "full_name"
[Method: GET, Route: /]
in APPPATH\Views\list.php on line 27.
 1 APPPATH\Views\list.php(27): CodeIgniter\Debug\Exceptions->errorHandler(2, 'Undefined array key "full_name"', 'C:\\xampp\\htdocs\\Ci4\\app\\Views\\list.php', 27)
 2 SYSTEMPATH\View\View.php(234): include('C:\\xampp\\htdocs\\Ci4\\app\\Views\\list.php')
 3 SYSTEMPATH\View\View.php(237): CodeIgniter\View\View->CodeIgniter\View\{closure}()
 4 SYSTEMPATH\Common.php(1171): CodeIgniter\View\View->render('list', [], true)
 5 APPPATH\Controllers\Home.php(14): view('list', [...])
 6 SYSTEMPATH\CodeIgniter.php(933): App\Controllers\Home->index()
 7 SYSTEMPATH\CodeIgniter.php(509): CodeIgniter\CodeIgniter->runController(Object(App\Controllers\Home))
 8 SYSTEMPATH\CodeIgniter.php(355): CodeIgniter\CodeIgniter->handleRequest(null, Object(Config\Cache), false)
 9 SYSTEMPATH\Boot.php(325): CodeIgniter\CodeIgniter->run()
10 SYSTEMPATH\Boot.php(67): CodeIgniter\Boot::runCodeIgniter(Object(CodeIgniter\CodeIgniter))
11 FCPATH\index.php(56): CodeIgniter\Boot::bootWeb(Object(Config\Paths))
12 SYSTEMPATH\rewrite.php(44): require_once('C:\\xampp\\htdocs\\Ci4\\public\\index.php')
CRITICAL - 2024-10-19 09:48:16 --> CodeIgniter\View\Exceptions\ViewException: Invalid file: "list/index.php"
[Method: GET, Route: /]
in SYSTEMPATH\Exceptions\FrameworkException.php on line 41.
 1 SYSTEMPATH\View\View.php(222): CodeIgniter\Exceptions\FrameworkException::forInvalidFile('list/index.php')
 2 SYSTEMPATH\Common.php(1171): CodeIgniter\View\View->render('list/index', [], true)
 3 APPPATH\Controllers\Home.php(14): view('list/index', [...])
 4 SYSTEMPATH\CodeIgniter.php(933): App\Controllers\Home->index()
 5 SYSTEMPATH\CodeIgniter.php(509): CodeIgniter\CodeIgniter->runController(Object(App\Controllers\Home))
 6 SYSTEMPATH\CodeIgniter.php(355): CodeIgniter\CodeIgniter->handleRequest(null, Object(Config\Cache), false)
 7 SYSTEMPATH\Boot.php(325): CodeIgniter\CodeIgniter->run()
 8 SYSTEMPATH\Boot.php(67): CodeIgniter\Boot::runCodeIgniter(Object(CodeIgniter\CodeIgniter))
 9 FCPATH\index.php(56): CodeIgniter\Boot::bootWeb(Object(Config\Paths))
10 SYSTEMPATH\rewrite.php(44): require_once('C:\\xampp\\htdocs\\Ci4\\public\\index.php')
CRITICAL - 2024-10-19 09:48:18 --> CodeIgniter\View\Exceptions\ViewException: Invalid file: "list/index.php"
[Method: GET, Route: /]
in SYSTEMPATH\Exceptions\FrameworkException.php on line 41.
 1 SYSTEMPATH\View\View.php(222): CodeIgniter\Exceptions\FrameworkException::forInvalidFile('list/index.php')
 2 SYSTEMPATH\Common.php(1171): CodeIgniter\View\View->render('list/index', [], true)
 3 APPPATH\Controllers\Home.php(14): view('list/index', [...])
 4 SYSTEMPATH\CodeIgniter.php(933): App\Controllers\Home->index()
 5 SYSTEMPATH\CodeIgniter.php(509): CodeIgniter\CodeIgniter->runController(Object(App\Controllers\Home))
 6 SYSTEMPATH\CodeIgniter.php(355): CodeIgniter\CodeIgniter->handleRequest(null, Object(Config\Cache), false)
 7 SYSTEMPATH\Boot.php(325): CodeIgniter\CodeIgniter->run()
 8 SYSTEMPATH\Boot.php(67): CodeIgniter\Boot::runCodeIgniter(Object(CodeIgniter\CodeIgniter))
 9 FCPATH\index.php(56): CodeIgniter\Boot::bootWeb(Object(Config\Paths))
10 SYSTEMPATH\rewrite.php(44): require_once('C:\\xampp\\htdocs\\Ci4\\public\\index.php')
CRITICAL - 2024-10-19 09:57:48 --> ErrorException: Undefined array key "full_name"
[Method: GET, Route: /]
in APPPATH\Views\list.php on line 27.
 1 APPPATH\Views\list.php(27): CodeIgniter\Debug\Exceptions->errorHandler(2, 'Undefined array key "full_name"', 'C:\\xampp\\htdocs\\Ci4\\app\\Views\\list.php', 27)
 2 SYSTEMPATH\View\View.php(234): include('C:\\xampp\\htdocs\\Ci4\\app\\Views\\list.php')
 3 SYSTEMPATH\View\View.php(237): CodeIgniter\View\View->CodeIgniter\View\{closure}()
 4 SYSTEMPATH\Common.php(1171): CodeIgniter\View\View->render('list', [], true)
 5 APPPATH\Controllers\Home.php(18): view('list', [...])
 6 SYSTEMPATH\CodeIgniter.php(933): App\Controllers\Home->index()
 7 SYSTEMPATH\CodeIgniter.php(509): CodeIgniter\CodeIgniter->runController(Object(App\Controllers\Home))
 8 SYSTEMPATH\CodeIgniter.php(355): CodeIgniter\CodeIgniter->handleRequest(null, Object(Config\Cache), false)
 9 SYSTEMPATH\Boot.php(325): CodeIgniter\CodeIgniter->run()
10 SYSTEMPATH\Boot.php(67): CodeIgniter\Boot::runCodeIgniter(Object(CodeIgniter\CodeIgniter))
11 FCPATH\index.php(56): CodeIgniter\Boot::bootWeb(Object(Config\Paths))
12 SYSTEMPATH\rewrite.php(44): require_once('C:\\xampp\\htdocs\\Ci4\\public\\index.php')
CRITICAL - 2024-10-19 09:58:48 --> ErrorException: Undefined array key "full_name"
[Method: GET, Route: /]
in APPPATH\Views\article.php on line 27.
 1 APPPATH\Views\article.php(27): CodeIgniter\Debug\Exceptions->errorHandler(2, 'Undefined array key "full_name"', 'C:\\xampp\\htdocs\\Ci4\\app\\Views\\article.php', 27)
 2 SYSTEMPATH\View\View.php(234): include('C:\\xampp\\htdocs\\Ci4\\app\\Views\\article.php')
 3 SYSTEMPATH\View\View.php(237): CodeIgniter\View\View->CodeIgniter\View\{closure}()
 4 SYSTEMPATH\Common.php(1171): CodeIgniter\View\View->render('article', [], true)
 5 APPPATH\Controllers\Home.php(18): view('article', [...])
 6 SYSTEMPATH\CodeIgniter.php(933): App\Controllers\Home->index()
 7 SYSTEMPATH\CodeIgniter.php(509): CodeIgniter\CodeIgniter->runController(Object(App\Controllers\Home))
 8 SYSTEMPATH\CodeIgniter.php(355): CodeIgniter\CodeIgniter->handleRequest(null, Object(Config\Cache), false)
 9 SYSTEMPATH\Boot.php(325): CodeIgniter\CodeIgniter->run()
10 SYSTEMPATH\Boot.php(67): CodeIgniter\Boot::runCodeIgniter(Object(CodeIgniter\CodeIgniter))
11 FCPATH\index.php(56): CodeIgniter\Boot::bootWeb(Object(Config\Paths))
12 SYSTEMPATH\rewrite.php(44): require_once('C:\\xampp\\htdocs\\Ci4\\public\\index.php')
CRITICAL - 2024-10-19 09:58:50 --> ErrorException: Undefined array key "full_name"
[Method: GET, Route: /]
in APPPATH\Views\article.php on line 27.
 1 APPPATH\Views\article.php(27): CodeIgniter\Debug\Exceptions->errorHandler(2, 'Undefined array key "full_name"', 'C:\\xampp\\htdocs\\Ci4\\app\\Views\\article.php', 27)
 2 SYSTEMPATH\View\View.php(234): include('C:\\xampp\\htdocs\\Ci4\\app\\Views\\article.php')
 3 SYSTEMPATH\View\View.php(237): CodeIgniter\View\View->CodeIgniter\View\{closure}()
 4 SYSTEMPATH\Common.php(1171): CodeIgniter\View\View->render('article', [], true)
 5 APPPATH\Controllers\Home.php(18): view('article', [...])
 6 SYSTEMPATH\CodeIgniter.php(933): App\Controllers\Home->index()
 7 SYSTEMPATH\CodeIgniter.php(509): CodeIgniter\CodeIgniter->runController(Object(App\Controllers\Home))
 8 SYSTEMPATH\CodeIgniter.php(355): CodeIgniter\CodeIgniter->handleRequest(null, Object(Config\Cache), false)
 9 SYSTEMPATH\Boot.php(325): CodeIgniter\CodeIgniter->run()
10 SYSTEMPATH\Boot.php(67): CodeIgniter\Boot::runCodeIgniter(Object(CodeIgniter\CodeIgniter))
11 FCPATH\index.php(56): CodeIgniter\Boot::bootWeb(Object(Config\Paths))
12 SYSTEMPATH\rewrite.php(44): require_once('C:\\xampp\\htdocs\\Ci4\\public\\index.php')
CRITICAL - 2024-10-19 09:58:51 --> ErrorException: Undefined array key "full_name"
[Method: GET, Route: /]
in APPPATH\Views\article.php on line 27.
 1 APPPATH\Views\article.php(27): CodeIgniter\Debug\Exceptions->errorHandler(2, 'Undefined array key "full_name"', 'C:\\xampp\\htdocs\\Ci4\\app\\Views\\article.php', 27)
 2 SYSTEMPATH\View\View.php(234): include('C:\\xampp\\htdocs\\Ci4\\app\\Views\\article.php')
 3 SYSTEMPATH\View\View.php(237): CodeIgniter\View\View->CodeIgniter\View\{closure}()
 4 SYSTEMPATH\Common.php(1171): CodeIgniter\View\View->render('article', [], true)
 5 APPPATH\Controllers\Home.php(18): view('article', [...])
 6 SYSTEMPATH\CodeIgniter.php(933): App\Controllers\Home->index()
 7 SYSTEMPATH\CodeIgniter.php(509): CodeIgniter\CodeIgniter->runController(Object(App\Controllers\Home))
 8 SYSTEMPATH\CodeIgniter.php(355): CodeIgniter\CodeIgniter->handleRequest(null, Object(Config\Cache), false)
 9 SYSTEMPATH\Boot.php(325): CodeIgniter\CodeIgniter->run()
10 SYSTEMPATH\Boot.php(67): CodeIgniter\Boot::runCodeIgniter(Object(CodeIgniter\CodeIgniter))
11 FCPATH\index.php(56): CodeIgniter\Boot::bootWeb(Object(Config\Paths))
12 SYSTEMPATH\rewrite.php(44): require_once('C:\\xampp\\htdocs\\Ci4\\public\\index.php')
CRITICAL - 2024-10-19 09:58:57 --> ErrorException: Undefined array key "full_name"
[Method: GET, Route: /]
in APPPATH\Views\article.php on line 27.
 1 APPPATH\Views\article.php(27): CodeIgniter\Debug\Exceptions->errorHandler(2, 'Undefined array key "full_name"', 'C:\\xampp\\htdocs\\Ci4\\app\\Views\\article.php', 27)
 2 SYSTEMPATH\View\View.php(234): include('C:\\xampp\\htdocs\\Ci4\\app\\Views\\article.php')
 3 SYSTEMPATH\View\View.php(237): CodeIgniter\View\View->CodeIgniter\View\{closure}()
 4 SYSTEMPATH\Common.php(1171): CodeIgniter\View\View->render('article', [], true)
 5 APPPATH\Controllers\Home.php(18): view('article', [...])
 6 SYSTEMPATH\CodeIgniter.php(933): App\Controllers\Home->index()
 7 SYSTEMPATH\CodeIgniter.php(509): CodeIgniter\CodeIgniter->runController(Object(App\Controllers\Home))
 8 SYSTEMPATH\CodeIgniter.php(355): CodeIgniter\CodeIgniter->handleRequest(null, Object(Config\Cache), false)
 9 SYSTEMPATH\Boot.php(325): CodeIgniter\CodeIgniter->run()
10 SYSTEMPATH\Boot.php(67): CodeIgniter\Boot::runCodeIgniter(Object(CodeIgniter\CodeIgniter))
11 FCPATH\index.php(56): CodeIgniter\Boot::bootWeb(Object(Config\Paths))
12 SYSTEMPATH\rewrite.php(44): require_once('C:\\xampp\\htdocs\\Ci4\\public\\index.php')
CRITICAL - 2024-10-19 09:59:24 --> ErrorException: Undefined array key "full_name"
[Method: GET, Route: /]
in APPPATH\Views\article.php on line 27.
 1 APPPATH\Views\article.php(27): CodeIgniter\Debug\Exceptions->errorHandler(2, 'Undefined array key "full_name"', 'C:\\xampp\\htdocs\\Ci4\\app\\Views\\article.php', 27)
 2 SYSTEMPATH\View\View.php(234): include('C:\\xampp\\htdocs\\Ci4\\app\\Views\\article.php')
 3 SYSTEMPATH\View\View.php(237): CodeIgniter\View\View->CodeIgniter\View\{closure}()
 4 SYSTEMPATH\Common.php(1171): CodeIgniter\View\View->render('article', [], true)
 5 APPPATH\Controllers\Home.php(18): view('article', [...])
 6 SYSTEMPATH\CodeIgniter.php(933): App\Controllers\Home->index()
 7 SYSTEMPATH\CodeIgniter.php(509): CodeIgniter\CodeIgniter->runController(Object(App\Controllers\Home))
 8 SYSTEMPATH\CodeIgniter.php(355): CodeIgniter\CodeIgniter->handleRequest(null, Object(Config\Cache), false)
 9 SYSTEMPATH\Boot.php(325): CodeIgniter\CodeIgniter->run()
10 SYSTEMPATH\Boot.php(67): CodeIgniter\Boot::runCodeIgniter(Object(CodeIgniter\CodeIgniter))
11 FCPATH\index.php(56): CodeIgniter\Boot::bootWeb(Object(Config\Paths))
12 SYSTEMPATH\rewrite.php(44): require_once('C:\\xampp\\htdocs\\Ci4\\public\\index.php')
CRITICAL - 2024-10-19 10:42:41 --> ErrorException: Undefined array key "full_name"
[Method: GET, Route: articles/list]
in APPPATH\Views\articles\list.php on line 28.
 1 APPPATH\Views\articles\list.php(28): CodeIgniter\Debug\Exceptions->errorHandler(2, 'Undefined array key "full_name"', 'C:\\xampp\\htdocs\\Ci4\\app\\Views\\articles\\list.php', 28)
 2 SYSTEMPATH\View\View.php(234): include('C:\\xampp\\htdocs\\Ci4\\app\\Views\\articles\\list.php')
 3 SYSTEMPATH\View\View.php(237): CodeIgniter\View\View->CodeIgniter\View\{closure}()
 4 SYSTEMPATH\Common.php(1171): CodeIgniter\View\View->render('articles/list', [], true)
 5 APPPATH\Controllers\ArticleController.php(18): view('articles/list', [...])
 6 SYSTEMPATH\CodeIgniter.php(933): App\Controllers\ArticleController->list()
 7 SYSTEMPATH\CodeIgniter.php(509): CodeIgniter\CodeIgniter->runController(Object(App\Controllers\ArticleController))
 8 SYSTEMPATH\CodeIgniter.php(355): CodeIgniter\CodeIgniter->handleRequest(null, Object(Config\Cache), false)
 9 SYSTEMPATH\Boot.php(325): CodeIgniter\CodeIgniter->run()
10 SYSTEMPATH\Boot.php(67): CodeIgniter\Boot::runCodeIgniter(Object(CodeIgniter\CodeIgniter))
11 FCPATH\index.php(56): CodeIgniter\Boot::bootWeb(Object(Config\Paths))
12 SYSTEMPATH\rewrite.php(44): require_once('C:\\xampp\\htdocs\\Ci4\\public\\index.php')
CRITICAL - 2024-10-19 10:42:44 --> ErrorException: Undefined array key "full_name"
[Method: GET, Route: articles/list]
in APPPATH\Views\articles\list.php on line 28.
 1 APPPATH\Views\articles\list.php(28): CodeIgniter\Debug\Exceptions->errorHandler(2, 'Undefined array key "full_name"', 'C:\\xampp\\htdocs\\Ci4\\app\\Views\\articles\\list.php', 28)
 2 SYSTEMPATH\View\View.php(234): include('C:\\xampp\\htdocs\\Ci4\\app\\Views\\articles\\list.php')
 3 SYSTEMPATH\View\View.php(237): CodeIgniter\View\View->CodeIgniter\View\{closure}()
 4 SYSTEMPATH\Common.php(1171): CodeIgniter\View\View->render('articles/list', [], true)
 5 APPPATH\Controllers\ArticleController.php(18): view('articles/list', [...])
 6 SYSTEMPATH\CodeIgniter.php(933): App\Controllers\ArticleController->list()
 7 SYSTEMPATH\CodeIgniter.php(509): CodeIgniter\CodeIgniter->runController(Object(App\Controllers\ArticleController))
 8 SYSTEMPATH\CodeIgniter.php(355): CodeIgniter\CodeIgniter->handleRequest(null, Object(Config\Cache), false)
 9 SYSTEMPATH\Boot.php(325): CodeIgniter\CodeIgniter->run()
10 SYSTEMPATH\Boot.php(67): CodeIgniter\Boot::runCodeIgniter(Object(CodeIgniter\CodeIgniter))
11 FCPATH\index.php(56): CodeIgniter\Boot::bootWeb(Object(Config\Paths))
12 SYSTEMPATH\rewrite.php(44): require_once('C:\\xampp\\htdocs\\Ci4\\public\\index.php')
CRITICAL - 2024-10-19 10:49:49 --> ErrorException: Undefined array key "full_name"
[Method: GET, Route: articles/list]
in APPPATH\Views\articles\list.php on line 28.
 1 APPPATH\Views\articles\list.php(28): CodeIgniter\Debug\Exceptions->errorHandler(2, 'Undefined array key "full_name"', 'C:\\xampp\\htdocs\\Ci4\\app\\Views\\articles\\list.php', 28)
 2 SYSTEMPATH\View\View.php(234): include('C:\\xampp\\htdocs\\Ci4\\app\\Views\\articles\\list.php')
 3 SYSTEMPATH\View\View.php(237): CodeIgniter\View\View->CodeIgniter\View\{closure}()
 4 SYSTEMPATH\Common.php(1171): CodeIgniter\View\View->render('articles/list', [], true)
 5 APPPATH\Controllers\ArticleController.php(18): view('articles/list', [...])
 6 SYSTEMPATH\CodeIgniter.php(933): App\Controllers\ArticleController->list()
 7 SYSTEMPATH\CodeIgniter.php(509): CodeIgniter\CodeIgniter->runController(Object(App\Controllers\ArticleController))
 8 SYSTEMPATH\CodeIgniter.php(355): CodeIgniter\CodeIgniter->handleRequest(null, Object(Config\Cache), false)
 9 SYSTEMPATH\Boot.php(325): CodeIgniter\CodeIgniter->run()
10 SYSTEMPATH\Boot.php(67): CodeIgniter\Boot::runCodeIgniter(Object(CodeIgniter\CodeIgniter))
11 FCPATH\index.php(56): CodeIgniter\Boot::bootWeb(Object(Config\Paths))
12 SYSTEMPATH\rewrite.php(44): require_once('C:\\xampp\\htdocs\\Ci4\\public\\index.php')
CRITICAL - 2024-10-19 10:51:24 --> ErrorException: Undefined array key "full_name"
[Method: GET, Route: articles/list]
in APPPATH\Views\articles\list.php on line 28.
 1 APPPATH\Views\articles\list.php(28): CodeIgniter\Debug\Exceptions->errorHandler(2, 'Undefined array key "full_name"', 'C:\\xampp\\htdocs\\Ci4\\app\\Views\\articles\\list.php', 28)
 2 SYSTEMPATH\View\View.php(234): include('C:\\xampp\\htdocs\\Ci4\\app\\Views\\articles\\list.php')
 3 SYSTEMPATH\View\View.php(237): CodeIgniter\View\View->CodeIgniter\View\{closure}()
 4 SYSTEMPATH\Common.php(1171): CodeIgniter\View\View->render('articles/list', [], true)
 5 APPPATH\Controllers\ArticleController.php(18): view('articles/list', [...])
 6 SYSTEMPATH\CodeIgniter.php(933): App\Controllers\ArticleController->list()
 7 SYSTEMPATH\CodeIgniter.php(509): CodeIgniter\CodeIgniter->runController(Object(App\Controllers\ArticleController))
 8 SYSTEMPATH\CodeIgniter.php(355): CodeIgniter\CodeIgniter->handleRequest(null, Object(Config\Cache), false)
 9 SYSTEMPATH\Boot.php(325): CodeIgniter\CodeIgniter->run()
10 SYSTEMPATH\Boot.php(67): CodeIgniter\Boot::runCodeIgniter(Object(CodeIgniter\CodeIgniter))
11 FCPATH\index.php(56): CodeIgniter\Boot::bootWeb(Object(Config\Paths))
12 SYSTEMPATH\rewrite.php(44): require_once('C:\\xampp\\htdocs\\Ci4\\public\\index.php')
ERROR - 2024-10-19 10:56:37 --> mysqli_sql_exception: Unknown column 'full_name' in 'field list' in C:\xampp\htdocs\Ci4\system\Database\MySQLi\Connection.php:312
Stack trace:
#0 C:\xampp\htdocs\Ci4\system\Database\MySQLi\Connection.php(312): mysqli->query('INSERT INTO `ar...', 0)
#1 C:\xampp\htdocs\Ci4\system\Database\BaseConnection.php(734): CodeIgniter\Database\MySQLi\Connection->execute('INSERT INTO `ar...')
#2 C:\xampp\htdocs\Ci4\system\Database\BaseConnection.php(648): CodeIgniter\Database\BaseConnection->simpleQuery('INSERT INTO `ar...')
#3 C:\xampp\htdocs\Ci4\system\Database\BaseBuilder.php(2340): CodeIgniter\Database\BaseConnection->query('INSERT INTO `ar...', Array, false)
#4 C:\xampp\htdocs\Ci4\system\Model.php(394): CodeIgniter\Database\BaseBuilder->insert()
#5 C:\xampp\htdocs\Ci4\system\BaseModel.php(840): CodeIgniter\Model->doInsert(Array)
#6 C:\xampp\htdocs\Ci4\system\Model.php(802): CodeIgniter\BaseModel->insert(Array, false)
#7 C:\xampp\htdocs\Ci4\system\BaseModel.php(751): CodeIgniter\Model->insert(Array, false)
#8 C:\xampp\htdocs\Ci4\app\Controllers\ArticleController.php(42): CodeIgniter\BaseModel->save(Array)
#9 C:\xampp\htdocs\Ci4\system\CodeIgniter.php(933): App\Controllers\ArticleController->save()
#10 C:\xampp\htdocs\Ci4\system\CodeIgniter.php(509): CodeIgniter\CodeIgniter->runController(Object(App\Controllers\ArticleController))
#11 C:\xampp\htdocs\Ci4\system\CodeIgniter.php(355): CodeIgniter\CodeIgniter->handleRequest(NULL, Object(Config\Cache), false)
#12 C:\xampp\htdocs\Ci4\system\Boot.php(325): CodeIgniter\CodeIgniter->run()
#13 C:\xampp\htdocs\Ci4\system\Boot.php(67): CodeIgniter\Boot::runCodeIgniter(Object(CodeIgniter\CodeIgniter))
#14 C:\xampp\htdocs\Ci4\public\index.php(56): CodeIgniter\Boot::bootWeb(Object(Config\Paths))
#15 C:\xampp\htdocs\Ci4\system\rewrite.php(44): require_once('C:\\xampp\\htdocs...')
#16 {main}
CRITICAL - 2024-10-19 10:56:37 --> CodeIgniter\Database\Exceptions\DatabaseException: Unknown column 'full_name' in 'field list'
[Method: POST, Route: articles/save]
in SYSTEMPATH\Database\BaseConnection.php on line 688.
 1 SYSTEMPATH\Database\BaseBuilder.php(2340): CodeIgniter\Database\BaseConnection->query('INSERT INTO `articles` (`full_name`, `phone_number`, `email_address`) VALUES (:full_name:, :phone_number:, :email_address:)', [...], false)
 2 SYSTEMPATH\Model.php(394): CodeIgniter\Database\BaseBuilder->insert()
 3 SYSTEMPATH\BaseModel.php(840): CodeIgniter\Model->doInsert([...])
 4 SYSTEMPATH\Model.php(802): CodeIgniter\BaseModel->insert([...], false)
 5 SYSTEMPATH\BaseModel.php(751): CodeIgniter\Model->insert([...], false)
 6 APPPATH\Controllers\ArticleController.php(42): CodeIgniter\BaseModel->save([...])
 7 SYSTEMPATH\CodeIgniter.php(933): App\Controllers\ArticleController->save()
 8 SYSTEMPATH\CodeIgniter.php(509): CodeIgniter\CodeIgniter->runController(Object(App\Controllers\ArticleController))
 9 SYSTEMPATH\CodeIgniter.php(355): CodeIgniter\CodeIgniter->handleRequest(null, Object(Config\Cache), false)
10 SYSTEMPATH\Boot.php(325): CodeIgniter\CodeIgniter->run()
11 SYSTEMPATH\Boot.php(67): CodeIgniter\Boot::runCodeIgniter(Object(CodeIgniter\CodeIgniter))
12 FCPATH\index.php(56): CodeIgniter\Boot::bootWeb(Object(Config\Paths))
13 SYSTEMPATH\rewrite.php(44): require_once('C:\\xampp\\htdocs\\Ci4\\public\\index.php')
CRITICAL - 2024-10-19 10:56:37 --> [Caused by] CodeIgniter\Database\Exceptions\DatabaseException: Unknown column 'full_name' in 'field list'
in SYSTEMPATH\Database\MySQLi\Connection.php on line 317.
 1 SYSTEMPATH\Database\BaseConnection.php(734): CodeIgniter\Database\MySQLi\Connection->execute('INSERT INTO `articles` (`full_name`, `phone_number`, `email_address`) VALUES (\'Vaibhav yadav\', \'62616131215\', \'kumar.vaibhav2004@bbdu.ac.in\')')
 2 SYSTEMPATH\Database\BaseConnection.php(648): CodeIgniter\Database\BaseConnection->simpleQuery('INSERT INTO `articles` (`full_name`, `phone_number`, `email_address`) VALUES (\'Vaibhav yadav\', \'62616131215\', \'kumar.vaibhav2004@bbdu.ac.in\')')
 3 SYSTEMPATH\Database\BaseBuilder.php(2340): CodeIgniter\Database\BaseConnection->query('INSERT INTO `articles` (`full_name`, `phone_number`, `email_address`) VALUES (:full_name:, :phone_number:, :email_address:)', [...], false)
 4 SYSTEMPATH\Model.php(394): CodeIgniter\Database\BaseBuilder->insert()
 5 SYSTEMPATH\BaseModel.php(840): CodeIgniter\Model->doInsert([...])
 6 SYSTEMPATH\Model.php(802): CodeIgniter\BaseModel->insert([...], false)
 7 SYSTEMPATH\BaseModel.php(751): CodeIgniter\Model->insert([...], false)
 8 APPPATH\Controllers\ArticleController.php(42): CodeIgniter\BaseModel->save([...])
 9 SYSTEMPATH\CodeIgniter.php(933): App\Controllers\ArticleController->save()
10 SYSTEMPATH\CodeIgniter.php(509): CodeIgniter\CodeIgniter->runController(Object(App\Controllers\ArticleController))
11 SYSTEMPATH\CodeIgniter.php(355): CodeIgniter\CodeIgniter->handleRequest(null, Object(Config\Cache), false)
12 SYSTEMPATH\Boot.php(325): CodeIgniter\CodeIgniter->run()
13 SYSTEMPATH\Boot.php(67): CodeIgniter\Boot::runCodeIgniter(Object(CodeIgniter\CodeIgniter))
14 FCPATH\index.php(56): CodeIgniter\Boot::bootWeb(Object(Config\Paths))
15 SYSTEMPATH\rewrite.php(44): require_once('C:\\xampp\\htdocs\\Ci4\\public\\index.php')
CRITICAL - 2024-10-19 10:56:37 --> [Caused by] mysqli_sql_exception: Unknown column 'full_name' in 'field list'
in SYSTEMPATH\Database\MySQLi\Connection.php on line 312.
 1 SYSTEMPATH\Database\MySQLi\Connection.php(312): mysqli->query('INSERT INTO `articles` (`full_name`, `phone_number`, `email_address`) VALUES (\'Vaibhav yadav\', \'62616131215\', \'kumar.vaibhav2004@bbdu.ac.in\')', 0)
 2 SYSTEMPATH\Database\BaseConnection.php(734): CodeIgniter\Database\MySQLi\Connection->execute('INSERT INTO `articles` (`full_name`, `phone_number`, `email_address`) VALUES (\'Vaibhav yadav\', \'62616131215\', \'kumar.vaibhav2004@bbdu.ac.in\')')
 3 SYSTEMPATH\Database\BaseConnection.php(648): CodeIgniter\Database\BaseConnection->simpleQuery('INSERT INTO `articles` (`full_name`, `phone_number`, `email_address`) VALUES (\'Vaibhav yadav\', \'62616131215\', \'kumar.vaibhav2004@bbdu.ac.in\')')
 4 SYSTEMPATH\Database\BaseBuilder.php(2340): CodeIgniter\Database\BaseConnection->query('INSERT INTO `articles` (`full_name`, `phone_number`, `email_address`) VALUES (:full_name:, :phone_number:, :email_address:)', [...], false)
 5 SYSTEMPATH\Model.php(394): CodeIgniter\Database\BaseBuilder->insert()
 6 SYSTEMPATH\BaseModel.php(840): CodeIgniter\Model->doInsert([...])
 7 SYSTEMPATH\Model.php(802): CodeIgniter\BaseModel->insert([...], false)
 8 SYSTEMPATH\BaseModel.php(751): CodeIgniter\Model->insert([...], false)
 9 APPPATH\Controllers\ArticleController.php(42): CodeIgniter\BaseModel->save([...])
10 SYSTEMPATH\CodeIgniter.php(933): App\Controllers\ArticleController->save()
11 SYSTEMPATH\CodeIgniter.php(509): CodeIgniter\CodeIgniter->runController(Object(App\Controllers\ArticleController))
12 SYSTEMPATH\CodeIgniter.php(355): CodeIgniter\CodeIgniter->handleRequest(null, Object(Config\Cache), false)
13 SYSTEMPATH\Boot.php(325): CodeIgniter\CodeIgniter->run()
14 SYSTEMPATH\Boot.php(67): CodeIgniter\Boot::runCodeIgniter(Object(CodeIgniter\CodeIgniter))
15 FCPATH\index.php(56): CodeIgniter\Boot::bootWeb(Object(Config\Paths))
16 SYSTEMPATH\rewrite.php(44): require_once('C:\\xampp\\htdocs\\Ci4\\public\\index.php')
ERROR - 2024-10-19 11:03:28 --> mysqli_sql_exception: Unknown column 'full_name' in 'field list' in C:\xampp\htdocs\Ci4\system\Database\MySQLi\Connection.php:312
Stack trace:
#0 C:\xampp\htdocs\Ci4\system\Database\MySQLi\Connection.php(312): mysqli->query('INSERT INTO `ar...', 0)
#1 C:\xampp\htdocs\Ci4\system\Database\BaseConnection.php(734): CodeIgniter\Database\MySQLi\Connection->execute('INSERT INTO `ar...')
#2 C:\xampp\htdocs\Ci4\system\Database\BaseConnection.php(648): CodeIgniter\Database\BaseConnection->simpleQuery('INSERT INTO `ar...')
#3 C:\xampp\htdocs\Ci4\system\Database\BaseBuilder.php(2340): CodeIgniter\Database\BaseConnection->query('INSERT INTO `ar...', Array, false)
#4 C:\xampp\htdocs\Ci4\system\Model.php(394): CodeIgniter\Database\BaseBuilder->insert()
#5 C:\xampp\htdocs\Ci4\system\BaseModel.php(840): CodeIgniter\Model->doInsert(Array)
#6 C:\xampp\htdocs\Ci4\system\Model.php(802): CodeIgniter\BaseModel->insert(Array, true)
#7 C:\xampp\htdocs\Ci4\app\Controllers\ArticleController.php(68): CodeIgniter\Model->insert(Array)
#8 C:\xampp\htdocs\Ci4\system\CodeIgniter.php(933): App\Controllers\ArticleController->save()
#9 C:\xampp\htdocs\Ci4\system\CodeIgniter.php(509): CodeIgniter\CodeIgniter->runController(Object(App\Controllers\ArticleController))
#10 C:\xampp\htdocs\Ci4\system\CodeIgniter.php(355): CodeIgniter\CodeIgniter->handleRequest(NULL, Object(Config\Cache), false)
#11 C:\xampp\htdocs\Ci4\system\Boot.php(325): CodeIgniter\CodeIgniter->run()
#12 C:\xampp\htdocs\Ci4\system\Boot.php(67): CodeIgniter\Boot::runCodeIgniter(Object(CodeIgniter\CodeIgniter))
#13 C:\xampp\htdocs\Ci4\public\index.php(56): CodeIgniter\Boot::bootWeb(Object(Config\Paths))
#14 C:\xampp\htdocs\Ci4\system\rewrite.php(44): require_once('C:\\xampp\\htdocs...')
#15 {main}
CRITICAL - 2024-10-19 11:03:28 --> CodeIgniter\Database\Exceptions\DatabaseException: Unknown column 'full_name' in 'field list'
[Method: POST, Route: articles/save]
in SYSTEMPATH\Database\BaseConnection.php on line 688.
 1 SYSTEMPATH\Database\BaseBuilder.php(2340): CodeIgniter\Database\BaseConnection->query('INSERT INTO `articles` (`full_name`, `phone_number`, `email_address`) VALUES (:full_name:, :phone_number:, :email_address:)', [...], false)
 2 SYSTEMPATH\Model.php(394): CodeIgniter\Database\BaseBuilder->insert()
 3 SYSTEMPATH\BaseModel.php(840): CodeIgniter\Model->doInsert([...])
 4 SYSTEMPATH\Model.php(802): CodeIgniter\BaseModel->insert([...], true)
 5 APPPATH\Controllers\ArticleController.php(68): CodeIgniter\Model->insert([...])
 6 SYSTEMPATH\CodeIgniter.php(933): App\Controllers\ArticleController->save()
 7 SYSTEMPATH\CodeIgniter.php(509): CodeIgniter\CodeIgniter->runController(Object(App\Controllers\ArticleController))
 8 SYSTEMPATH\CodeIgniter.php(355): CodeIgniter\CodeIgniter->handleRequest(null, Object(Config\Cache), false)
 9 SYSTEMPATH\Boot.php(325): CodeIgniter\CodeIgniter->run()
10 SYSTEMPATH\Boot.php(67): CodeIgniter\Boot::runCodeIgniter(Object(CodeIgniter\CodeIgniter))
11 FCPATH\index.php(56): CodeIgniter\Boot::bootWeb(Object(Config\Paths))
12 SYSTEMPATH\rewrite.php(44): require_once('C:\\xampp\\htdocs\\Ci4\\public\\index.php')
CRITICAL - 2024-10-19 11:03:28 --> [Caused by] CodeIgniter\Database\Exceptions\DatabaseException: Unknown column 'full_name' in 'field list'
in SYSTEMPATH\Database\MySQLi\Connection.php on line 317.
 1 SYSTEMPATH\Database\BaseConnection.php(734): CodeIgniter\Database\MySQLi\Connection->execute('INSERT INTO `articles` (`full_name`, `phone_number`, `email_address`) VALUES (\'Vaibhav \', \'7054868004\', \'kumar@gmail.com\')')
 2 SYSTEMPATH\Database\BaseConnection.php(648): CodeIgniter\Database\BaseConnection->simpleQuery('INSERT INTO `articles` (`full_name`, `phone_number`, `email_address`) VALUES (\'Vaibhav \', \'7054868004\', \'kumar@gmail.com\')')
 3 SYSTEMPATH\Database\BaseBuilder.php(2340): CodeIgniter\Database\BaseConnection->query('INSERT INTO `articles` (`full_name`, `phone_number`, `email_address`) VALUES (:full_name:, :phone_number:, :email_address:)', [...], false)
 4 SYSTEMPATH\Model.php(394): CodeIgniter\Database\BaseBuilder->insert()
 5 SYSTEMPATH\BaseModel.php(840): CodeIgniter\Model->doInsert([...])
 6 SYSTEMPATH\Model.php(802): CodeIgniter\BaseModel->insert([...], true)
 7 APPPATH\Controllers\ArticleController.php(68): CodeIgniter\Model->insert([...])
 8 SYSTEMPATH\CodeIgniter.php(933): App\Controllers\ArticleController->save()
 9 SYSTEMPATH\CodeIgniter.php(509): CodeIgniter\CodeIgniter->runController(Object(App\Controllers\ArticleController))
10 SYSTEMPATH\CodeIgniter.php(355): CodeIgniter\CodeIgniter->handleRequest(null, Object(Config\Cache), false)
11 SYSTEMPATH\Boot.php(325): CodeIgniter\CodeIgniter->run()
12 SYSTEMPATH\Boot.php(67): CodeIgniter\Boot::runCodeIgniter(Object(CodeIgniter\CodeIgniter))
13 FCPATH\index.php(56): CodeIgniter\Boot::bootWeb(Object(Config\Paths))
14 SYSTEMPATH\rewrite.php(44): require_once('C:\\xampp\\htdocs\\Ci4\\public\\index.php')
CRITICAL - 2024-10-19 11:03:28 --> [Caused by] mysqli_sql_exception: Unknown column 'full_name' in 'field list'
in SYSTEMPATH\Database\MySQLi\Connection.php on line 312.
 1 SYSTEMPATH\Database\MySQLi\Connection.php(312): mysqli->query('INSERT INTO `articles` (`full_name`, `phone_number`, `email_address`) VALUES (\'Vaibhav \', \'7054868004\', \'kumar@gmail.com\')', 0)
 2 SYSTEMPATH\Database\BaseConnection.php(734): CodeIgniter\Database\MySQLi\Connection->execute('INSERT INTO `articles` (`full_name`, `phone_number`, `email_address`) VALUES (\'Vaibhav \', \'7054868004\', \'kumar@gmail.com\')')
 3 SYSTEMPATH\Database\BaseConnection.php(648): CodeIgniter\Database\BaseConnection->simpleQuery('INSERT INTO `articles` (`full_name`, `phone_number`, `email_address`) VALUES (\'Vaibhav \', \'7054868004\', \'kumar@gmail.com\')')
 4 SYSTEMPATH\Database\BaseBuilder.php(2340): CodeIgniter\Database\BaseConnection->query('INSERT INTO `articles` (`full_name`, `phone_number`, `email_address`) VALUES (:full_name:, :phone_number:, :email_address:)', [...], false)
 5 SYSTEMPATH\Model.php(394): CodeIgniter\Database\BaseBuilder->insert()
 6 SYSTEMPATH\BaseModel.php(840): CodeIgniter\Model->doInsert([...])
 7 SYSTEMPATH\Model.php(802): CodeIgniter\BaseModel->insert([...], true)
 8 APPPATH\Controllers\ArticleController.php(68): CodeIgniter\Model->insert([...])
 9 SYSTEMPATH\CodeIgniter.php(933): App\Controllers\ArticleController->save()
10 SYSTEMPATH\CodeIgniter.php(509): CodeIgniter\CodeIgniter->runController(Object(App\Controllers\ArticleController))
11 SYSTEMPATH\CodeIgniter.php(355): CodeIgniter\CodeIgniter->handleRequest(null, Object(Config\Cache), false)
12 SYSTEMPATH\Boot.php(325): CodeIgniter\CodeIgniter->run()
13 SYSTEMPATH\Boot.php(67): CodeIgniter\Boot::runCodeIgniter(Object(CodeIgniter\CodeIgniter))
14 FCPATH\index.php(56): CodeIgniter\Boot::bootWeb(Object(Config\Paths))
15 SYSTEMPATH\rewrite.php(44): require_once('C:\\xampp\\htdocs\\Ci4\\public\\index.php')
ERROR - 2024-10-19 11:05:46 --> mysqli_sql_exception: Unknown column 'full_name' in 'field list' in C:\xampp\htdocs\Ci4\system\Database\MySQLi\Connection.php:312
Stack trace:
#0 C:\xampp\htdocs\Ci4\system\Database\MySQLi\Connection.php(312): mysqli->query('INSERT INTO `ar...', 0)
#1 C:\xampp\htdocs\Ci4\system\Database\BaseConnection.php(734): CodeIgniter\Database\MySQLi\Connection->execute('INSERT INTO `ar...')
#2 C:\xampp\htdocs\Ci4\system\Database\BaseConnection.php(648): CodeIgniter\Database\BaseConnection->simpleQuery('INSERT INTO `ar...')
#3 C:\xampp\htdocs\Ci4\system\Database\BaseBuilder.php(2340): CodeIgniter\Database\BaseConnection->query('INSERT INTO `ar...', Array, false)
#4 C:\xampp\htdocs\Ci4\system\Model.php(394): CodeIgniter\Database\BaseBuilder->insert()
#5 C:\xampp\htdocs\Ci4\system\BaseModel.php(840): CodeIgniter\Model->doInsert(Array)
#6 C:\xampp\htdocs\Ci4\system\Model.php(802): CodeIgniter\BaseModel->insert(Array, true)
#7 C:\xampp\htdocs\Ci4\app\Controllers\ArticleController.php(68): CodeIgniter\Model->insert(Array)
#8 C:\xampp\htdocs\Ci4\system\CodeIgniter.php(933): App\Controllers\ArticleController->save()
#9 C:\xampp\htdocs\Ci4\system\CodeIgniter.php(509): CodeIgniter\CodeIgniter->runController(Object(App\Controllers\ArticleController))
#10 C:\xampp\htdocs\Ci4\system\CodeIgniter.php(355): CodeIgniter\CodeIgniter->handleRequest(NULL, Object(Config\Cache), false)
#11 C:\xampp\htdocs\Ci4\system\Boot.php(325): CodeIgniter\CodeIgniter->run()
#12 C:\xampp\htdocs\Ci4\system\Boot.php(67): CodeIgniter\Boot::runCodeIgniter(Object(CodeIgniter\CodeIgniter))
#13 C:\xampp\htdocs\Ci4\public\index.php(56): CodeIgniter\Boot::bootWeb(Object(Config\Paths))
#14 C:\xampp\htdocs\Ci4\system\rewrite.php(44): require_once('C:\\xampp\\htdocs...')
#15 {main}
CRITICAL - 2024-10-19 11:05:46 --> CodeIgniter\Database\Exceptions\DatabaseException: Unknown column 'full_name' in 'field list'
[Method: POST, Route: articles/save]
in SYSTEMPATH\Database\BaseConnection.php on line 688.
 1 SYSTEMPATH\Database\BaseBuilder.php(2340): CodeIgniter\Database\BaseConnection->query('INSERT INTO `articles` (`full_name`, `phone_number`, `email_address`) VALUES (:full_name:, :phone_number:, :email_address:)', [...], false)
 2 SYSTEMPATH\Model.php(394): CodeIgniter\Database\BaseBuilder->insert()
 3 SYSTEMPATH\BaseModel.php(840): CodeIgniter\Model->doInsert([...])
 4 SYSTEMPATH\Model.php(802): CodeIgniter\BaseModel->insert([...], true)
 5 APPPATH\Controllers\ArticleController.php(68): CodeIgniter\Model->insert([...])
 6 SYSTEMPATH\CodeIgniter.php(933): App\Controllers\ArticleController->save()
 7 SYSTEMPATH\CodeIgniter.php(509): CodeIgniter\CodeIgniter->runController(Object(App\Controllers\ArticleController))
 8 SYSTEMPATH\CodeIgniter.php(355): CodeIgniter\CodeIgniter->handleRequest(null, Object(Config\Cache), false)
 9 SYSTEMPATH\Boot.php(325): CodeIgniter\CodeIgniter->run()
10 SYSTEMPATH\Boot.php(67): CodeIgniter\Boot::runCodeIgniter(Object(CodeIgniter\CodeIgniter))
11 FCPATH\index.php(56): CodeIgniter\Boot::bootWeb(Object(Config\Paths))
12 SYSTEMPATH\rewrite.php(44): require_once('C:\\xampp\\htdocs\\Ci4\\public\\index.php')
CRITICAL - 2024-10-19 11:05:46 --> [Caused by] CodeIgniter\Database\Exceptions\DatabaseException: Unknown column 'full_name' in 'field list'
in SYSTEMPATH\Database\MySQLi\Connection.php on line 317.
 1 SYSTEMPATH\Database\BaseConnection.php(734): CodeIgniter\Database\MySQLi\Connection->execute('INSERT INTO `articles` (`full_name`, `phone_number`, `email_address`) VALUES (\'vaibhav yadav\', \'7054868004\', \'kumar@gmail.com\')')
 2 SYSTEMPATH\Database\BaseConnection.php(648): CodeIgniter\Database\BaseConnection->simpleQuery('INSERT INTO `articles` (`full_name`, `phone_number`, `email_address`) VALUES (\'vaibhav yadav\', \'7054868004\', \'kumar@gmail.com\')')
 3 SYSTEMPATH\Database\BaseBuilder.php(2340): CodeIgniter\Database\BaseConnection->query('INSERT INTO `articles` (`full_name`, `phone_number`, `email_address`) VALUES (:full_name:, :phone_number:, :email_address:)', [...], false)
 4 SYSTEMPATH\Model.php(394): CodeIgniter\Database\BaseBuilder->insert()
 5 SYSTEMPATH\BaseModel.php(840): CodeIgniter\Model->doInsert([...])
 6 SYSTEMPATH\Model.php(802): CodeIgniter\BaseModel->insert([...], true)
 7 APPPATH\Controllers\ArticleController.php(68): CodeIgniter\Model->insert([...])
 8 SYSTEMPATH\CodeIgniter.php(933): App\Controllers\ArticleController->save()
 9 SYSTEMPATH\CodeIgniter.php(509): CodeIgniter\CodeIgniter->runController(Object(App\Controllers\ArticleController))
10 SYSTEMPATH\CodeIgniter.php(355): CodeIgniter\CodeIgniter->handleRequest(null, Object(Config\Cache), false)
11 SYSTEMPATH\Boot.php(325): CodeIgniter\CodeIgniter->run()
12 SYSTEMPATH\Boot.php(67): CodeIgniter\Boot::runCodeIgniter(Object(CodeIgniter\CodeIgniter))
13 FCPATH\index.php(56): CodeIgniter\Boot::bootWeb(Object(Config\Paths))
14 SYSTEMPATH\rewrite.php(44): require_once('C:\\xampp\\htdocs\\Ci4\\public\\index.php')
CRITICAL - 2024-10-19 11:05:46 --> [Caused by] mysqli_sql_exception: Unknown column 'full_name' in 'field list'
in SYSTEMPATH\Database\MySQLi\Connection.php on line 312.
 1 SYSTEMPATH\Database\MySQLi\Connection.php(312): mysqli->query('INSERT INTO `articles` (`full_name`, `phone_number`, `email_address`) VALUES (\'vaibhav yadav\', \'7054868004\', \'kumar@gmail.com\')', 0)
 2 SYSTEMPATH\Database\BaseConnection.php(734): CodeIgniter\Database\MySQLi\Connection->execute('INSERT INTO `articles` (`full_name`, `phone_number`, `email_address`) VALUES (\'vaibhav yadav\', \'7054868004\', \'kumar@gmail.com\')')
 3 SYSTEMPATH\Database\BaseConnection.php(648): CodeIgniter\Database\BaseConnection->simpleQuery('INSERT INTO `articles` (`full_name`, `phone_number`, `email_address`) VALUES (\'vaibhav yadav\', \'7054868004\', \'kumar@gmail.com\')')
 4 SYSTEMPATH\Database\BaseBuilder.php(2340): CodeIgniter\Database\BaseConnection->query('INSERT INTO `articles` (`full_name`, `phone_number`, `email_address`) VALUES (:full_name:, :phone_number:, :email_address:)', [...], false)
 5 SYSTEMPATH\Model.php(394): CodeIgniter\Database\BaseBuilder->insert()
 6 SYSTEMPATH\BaseModel.php(840): CodeIgniter\Model->doInsert([...])
 7 SYSTEMPATH\Model.php(802): CodeIgniter\BaseModel->insert([...], true)
 8 APPPATH\Controllers\ArticleController.php(68): CodeIgniter\Model->insert([...])
 9 SYSTEMPATH\CodeIgniter.php(933): App\Controllers\ArticleController->save()
10 SYSTEMPATH\CodeIgniter.php(509): CodeIgniter\CodeIgniter->runController(Object(App\Controllers\ArticleController))
11 SYSTEMPATH\CodeIgniter.php(355): CodeIgniter\CodeIgniter->handleRequest(null, Object(Config\Cache), false)
12 SYSTEMPATH\Boot.php(325): CodeIgniter\CodeIgniter->run()
13 SYSTEMPATH\Boot.php(67): CodeIgniter\Boot::runCodeIgniter(Object(CodeIgniter\CodeIgniter))
14 FCPATH\index.php(56): CodeIgniter\Boot::bootWeb(Object(Config\Paths))
15 SYSTEMPATH\rewrite.php(44): require_once('C:\\xampp\\htdocs\\Ci4\\public\\index.php')
CRITICAL - 2024-10-19 11:06:05 --> ErrorException: Undefined array key "full_name"
[Method: GET, Route: articles/list]
in APPPATH\Views\articles\list.php on line 28.
 1 APPPATH\Views\articles\list.php(28): CodeIgniter\Debug\Exceptions->errorHandler(2, 'Undefined array key "full_name"', 'C:\\xampp\\htdocs\\Ci4\\app\\Views\\articles\\list.php', 28)
 2 SYSTEMPATH\View\View.php(234): include('C:\\xampp\\htdocs\\Ci4\\app\\Views\\articles\\list.php')
 3 SYSTEMPATH\View\View.php(237): CodeIgniter\View\View->CodeIgniter\View\{closure}()
 4 SYSTEMPATH\Common.php(1171): CodeIgniter\View\View->render('articles/list', [], true)
 5 APPPATH\Controllers\ArticleController.php(20): view('articles/list', [...])
 6 SYSTEMPATH\CodeIgniter.php(933): App\Controllers\ArticleController->list()
 7 SYSTEMPATH\CodeIgniter.php(509): CodeIgniter\CodeIgniter->runController(Object(App\Controllers\ArticleController))
 8 SYSTEMPATH\CodeIgniter.php(355): CodeIgniter\CodeIgniter->handleRequest(null, Object(Config\Cache), false)
 9 SYSTEMPATH\Boot.php(325): CodeIgniter\CodeIgniter->run()
10 SYSTEMPATH\Boot.php(67): CodeIgniter\Boot::runCodeIgniter(Object(CodeIgniter\CodeIgniter))
11 FCPATH\index.php(56): CodeIgniter\Boot::bootWeb(Object(Config\Paths))
12 SYSTEMPATH\rewrite.php(44): require_once('C:\\xampp\\htdocs\\Ci4\\public\\index.php')
CRITICAL - 2024-10-19 11:15:41 --> ErrorException: Undefined array key "full_name"
[Method: GET, Route: articles/list]
in APPPATH\Views\articles\list.php on line 28.
 1 APPPATH\Views\articles\list.php(28): CodeIgniter\Debug\Exceptions->errorHandler(2, 'Undefined array key "full_name"', 'C:\\xampp\\htdocs\\Ci4\\app\\Views\\articles\\list.php', 28)
 2 SYSTEMPATH\View\View.php(234): include('C:\\xampp\\htdocs\\Ci4\\app\\Views\\articles\\list.php')
 3 SYSTEMPATH\View\View.php(237): CodeIgniter\View\View->CodeIgniter\View\{closure}()
 4 SYSTEMPATH\Common.php(1171): CodeIgniter\View\View->render('articles/list', [], true)
 5 APPPATH\Controllers\ArticleController.php(20): view('articles/list', [...])
 6 SYSTEMPATH\CodeIgniter.php(933): App\Controllers\ArticleController->list()
 7 SYSTEMPATH\CodeIgniter.php(509): CodeIgniter\CodeIgniter->runController(Object(App\Controllers\ArticleController))
 8 SYSTEMPATH\CodeIgniter.php(355): CodeIgniter\CodeIgniter->handleRequest(null, Object(Config\Cache), false)
 9 SYSTEMPATH\Boot.php(325): CodeIgniter\CodeIgniter->run()
10 SYSTEMPATH\Boot.php(67): CodeIgniter\Boot::runCodeIgniter(Object(CodeIgniter\CodeIgniter))
11 FCPATH\index.php(56): CodeIgniter\Boot::bootWeb(Object(Config\Paths))
12 SYSTEMPATH\rewrite.php(44): require_once('C:\\xampp\\htdocs\\Ci4\\public\\index.php')
CRITICAL - 2024-10-19 11:17:58 --> ErrorException: Undefined array key "full_name"
[Method: GET, Route: articles/list]
in APPPATH\Views\articles\list.php on line 36.
 1 APPPATH\Views\articles\list.php(36): CodeIgniter\Debug\Exceptions->errorHandler(2, 'Undefined array key "full_name"', 'C:\\xampp\\htdocs\\Ci4\\app\\Views\\articles\\list.php', 36)
 2 SYSTEMPATH\View\View.php(234): include('C:\\xampp\\htdocs\\Ci4\\app\\Views\\articles\\list.php')
 3 SYSTEMPATH\View\View.php(237): CodeIgniter\View\View->CodeIgniter\View\{closure}()
 4 SYSTEMPATH\Common.php(1171): CodeIgniter\View\View->render('articles/list', [], true)
 5 APPPATH\Controllers\ArticleController.php(20): view('articles/list', [...])
 6 SYSTEMPATH\CodeIgniter.php(933): App\Controllers\ArticleController->list()
 7 SYSTEMPATH\CodeIgniter.php(509): CodeIgniter\CodeIgniter->runController(Object(App\Controllers\ArticleController))
 8 SYSTEMPATH\CodeIgniter.php(355): CodeIgniter\CodeIgniter->handleRequest(null, Object(Config\Cache), false)
 9 SYSTEMPATH\Boot.php(325): CodeIgniter\CodeIgniter->run()
10 SYSTEMPATH\Boot.php(67): CodeIgniter\Boot::runCodeIgniter(Object(CodeIgniter\CodeIgniter))
11 FCPATH\index.php(56): CodeIgniter\Boot::bootWeb(Object(Config\Paths))
12 SYSTEMPATH\rewrite.php(44): require_once('C:\\xampp\\htdocs\\Ci4\\public\\index.php')
ERROR - 2024-10-19 11:19:07 --> mysqli_sql_exception: Unknown column 'full_name' in 'field list' in C:\xampp\htdocs\Ci4\system\Database\MySQLi\Connection.php:312
Stack trace:
#0 C:\xampp\htdocs\Ci4\system\Database\MySQLi\Connection.php(312): mysqli->query('INSERT INTO `ar...', 0)
#1 C:\xampp\htdocs\Ci4\system\Database\BaseConnection.php(734): CodeIgniter\Database\MySQLi\Connection->execute('INSERT INTO `ar...')
#2 C:\xampp\htdocs\Ci4\system\Database\BaseConnection.php(648): CodeIgniter\Database\BaseConnection->simpleQuery('INSERT INTO `ar...')
#3 C:\xampp\htdocs\Ci4\system\Database\BaseBuilder.php(2340): CodeIgniter\Database\BaseConnection->query('INSERT INTO `ar...', Array, false)
#4 C:\xampp\htdocs\Ci4\system\Model.php(394): CodeIgniter\Database\BaseBuilder->insert()
#5 C:\xampp\htdocs\Ci4\system\BaseModel.php(840): CodeIgniter\Model->doInsert(Array)
#6 C:\xampp\htdocs\Ci4\system\Model.php(802): CodeIgniter\BaseModel->insert(Array, true)
#7 C:\xampp\htdocs\Ci4\app\Controllers\ArticleController.php(60): CodeIgniter\Model->insert(Array)
#8 C:\xampp\htdocs\Ci4\system\CodeIgniter.php(933): App\Controllers\ArticleController->save()
#9 C:\xampp\htdocs\Ci4\system\CodeIgniter.php(509): CodeIgniter\CodeIgniter->runController(Object(App\Controllers\ArticleController))
#10 C:\xampp\htdocs\Ci4\system\CodeIgniter.php(355): CodeIgniter\CodeIgniter->handleRequest(NULL, Object(Config\Cache), false)
#11 C:\xampp\htdocs\Ci4\system\Boot.php(325): CodeIgniter\CodeIgniter->run()
#12 C:\xampp\htdocs\Ci4\system\Boot.php(67): CodeIgniter\Boot::runCodeIgniter(Object(CodeIgniter\CodeIgniter))
#13 C:\xampp\htdocs\Ci4\public\index.php(56): CodeIgniter\Boot::bootWeb(Object(Config\Paths))
#14 C:\xampp\htdocs\Ci4\system\rewrite.php(44): require_once('C:\\xampp\\htdocs...')
#15 {main}
CRITICAL - 2024-10-19 11:19:07 --> CodeIgniter\Database\Exceptions\DatabaseException: Unknown column 'full_name' in 'field list'
[Method: POST, Route: articles/save]
in SYSTEMPATH\Database\BaseConnection.php on line 688.
 1 SYSTEMPATH\Database\BaseBuilder.php(2340): CodeIgniter\Database\BaseConnection->query('INSERT INTO `articles` (`full_name`, `phone_number`, `email_address`) VALUES (:full_name:, :phone_number:, :email_address:)', [...], false)
 2 SYSTEMPATH\Model.php(394): CodeIgniter\Database\BaseBuilder->insert()
 3 SYSTEMPATH\BaseModel.php(840): CodeIgniter\Model->doInsert([...])
 4 SYSTEMPATH\Model.php(802): CodeIgniter\BaseModel->insert([...], true)
 5 APPPATH\Controllers\ArticleController.php(60): CodeIgniter\Model->insert([...])
 6 SYSTEMPATH\CodeIgniter.php(933): App\Controllers\ArticleController->save()
 7 SYSTEMPATH\CodeIgniter.php(509): CodeIgniter\CodeIgniter->runController(Object(App\Controllers\ArticleController))
 8 SYSTEMPATH\CodeIgniter.php(355): CodeIgniter\CodeIgniter->handleRequest(null, Object(Config\Cache), false)
 9 SYSTEMPATH\Boot.php(325): CodeIgniter\CodeIgniter->run()
10 SYSTEMPATH\Boot.php(67): CodeIgniter\Boot::runCodeIgniter(Object(CodeIgniter\CodeIgniter))
11 FCPATH\index.php(56): CodeIgniter\Boot::bootWeb(Object(Config\Paths))
12 SYSTEMPATH\rewrite.php(44): require_once('C:\\xampp\\htdocs\\Ci4\\public\\index.php')
CRITICAL - 2024-10-19 11:19:07 --> [Caused by] CodeIgniter\Database\Exceptions\DatabaseException: Unknown column 'full_name' in 'field list'
in SYSTEMPATH\Database\MySQLi\Connection.php on line 317.
 1 SYSTEMPATH\Database\BaseConnection.php(734): CodeIgniter\Database\MySQLi\Connection->execute('INSERT INTO `articles` (`full_name`, `phone_number`, `email_address`) VALUES (\'vaibhav\', \'7054868004\', \'kumar@gmail.com\')')
 2 SYSTEMPATH\Database\BaseConnection.php(648): CodeIgniter\Database\BaseConnection->simpleQuery('INSERT INTO `articles` (`full_name`, `phone_number`, `email_address`) VALUES (\'vaibhav\', \'7054868004\', \'kumar@gmail.com\')')
 3 SYSTEMPATH\Database\BaseBuilder.php(2340): CodeIgniter\Database\BaseConnection->query('INSERT INTO `articles` (`full_name`, `phone_number`, `email_address`) VALUES (:full_name:, :phone_number:, :email_address:)', [...], false)
 4 SYSTEMPATH\Model.php(394): CodeIgniter\Database\BaseBuilder->insert()
 5 SYSTEMPATH\BaseModel.php(840): CodeIgniter\Model->doInsert([...])
 6 SYSTEMPATH\Model.php(802): CodeIgniter\BaseModel->insert([...], true)
 7 APPPATH\Controllers\ArticleController.php(60): CodeIgniter\Model->insert([...])
 8 SYSTEMPATH\CodeIgniter.php(933): App\Controllers\ArticleController->save()
 9 SYSTEMPATH\CodeIgniter.php(509): CodeIgniter\CodeIgniter->runController(Object(App\Controllers\ArticleController))
10 SYSTEMPATH\CodeIgniter.php(355): CodeIgniter\CodeIgniter->handleRequest(null, Object(Config\Cache), false)
11 SYSTEMPATH\Boot.php(325): CodeIgniter\CodeIgniter->run()
12 SYSTEMPATH\Boot.php(67): CodeIgniter\Boot::runCodeIgniter(Object(CodeIgniter\CodeIgniter))
13 FCPATH\index.php(56): CodeIgniter\Boot::bootWeb(Object(Config\Paths))
14 SYSTEMPATH\rewrite.php(44): require_once('C:\\xampp\\htdocs\\Ci4\\public\\index.php')
CRITICAL - 2024-10-19 11:19:07 --> [Caused by] mysqli_sql_exception: Unknown column 'full_name' in 'field list'
in SYSTEMPATH\Database\MySQLi\Connection.php on line 312.
 1 SYSTEMPATH\Database\MySQLi\Connection.php(312): mysqli->query('INSERT INTO `articles` (`full_name`, `phone_number`, `email_address`) VALUES (\'vaibhav\', \'7054868004\', \'kumar@gmail.com\')', 0)
 2 SYSTEMPATH\Database\BaseConnection.php(734): CodeIgniter\Database\MySQLi\Connection->execute('INSERT INTO `articles` (`full_name`, `phone_number`, `email_address`) VALUES (\'vaibhav\', \'7054868004\', \'kumar@gmail.com\')')
 3 SYSTEMPATH\Database\BaseConnection.php(648): CodeIgniter\Database\BaseConnection->simpleQuery('INSERT INTO `articles` (`full_name`, `phone_number`, `email_address`) VALUES (\'vaibhav\', \'7054868004\', \'kumar@gmail.com\')')
 4 SYSTEMPATH\Database\BaseBuilder.php(2340): CodeIgniter\Database\BaseConnection->query('INSERT INTO `articles` (`full_name`, `phone_number`, `email_address`) VALUES (:full_name:, :phone_number:, :email_address:)', [...], false)
 5 SYSTEMPATH\Model.php(394): CodeIgniter\Database\BaseBuilder->insert()
 6 SYSTEMPATH\BaseModel.php(840): CodeIgniter\Model->doInsert([...])
 7 SYSTEMPATH\Model.php(802): CodeIgniter\BaseModel->insert([...], true)
 8 APPPATH\Controllers\ArticleController.php(60): CodeIgniter\Model->insert([...])
 9 SYSTEMPATH\CodeIgniter.php(933): App\Controllers\ArticleController->save()
10 SYSTEMPATH\CodeIgniter.php(509): CodeIgniter\CodeIgniter->runController(Object(App\Controllers\ArticleController))
11 SYSTEMPATH\CodeIgniter.php(355): CodeIgniter\CodeIgniter->handleRequest(null, Object(Config\Cache), false)
12 SYSTEMPATH\Boot.php(325): CodeIgniter\CodeIgniter->run()
13 SYSTEMPATH\Boot.php(67): CodeIgniter\Boot::runCodeIgniter(Object(CodeIgniter\CodeIgniter))
14 FCPATH\index.php(56): CodeIgniter\Boot::bootWeb(Object(Config\Paths))
15 SYSTEMPATH\rewrite.php(44): require_once('C:\\xampp\\htdocs\\Ci4\\public\\index.php')
CRITICAL - 2024-10-19 11:19:15 --> ErrorException: Undefined array key "full_name"
[Method: GET, Route: articles/list]
in APPPATH\Views\articles\list.php on line 36.
 1 APPPATH\Views\articles\list.php(36): CodeIgniter\Debug\Exceptions->errorHandler(2, 'Undefined array key "full_name"', 'C:\\xampp\\htdocs\\Ci4\\app\\Views\\articles\\list.php', 36)
 2 SYSTEMPATH\View\View.php(234): include('C:\\xampp\\htdocs\\Ci4\\app\\Views\\articles\\list.php')
 3 SYSTEMPATH\View\View.php(237): CodeIgniter\View\View->CodeIgniter\View\{closure}()
 4 SYSTEMPATH\Common.php(1171): CodeIgniter\View\View->render('articles/list', [], true)
 5 APPPATH\Controllers\ArticleController.php(20): view('articles/list', [...])
 6 SYSTEMPATH\CodeIgniter.php(933): App\Controllers\ArticleController->list()
 7 SYSTEMPATH\CodeIgniter.php(509): CodeIgniter\CodeIgniter->runController(Object(App\Controllers\ArticleController))
 8 SYSTEMPATH\CodeIgniter.php(355): CodeIgniter\CodeIgniter->handleRequest(null, Object(Config\Cache), false)
 9 SYSTEMPATH\Boot.php(325): CodeIgniter\CodeIgniter->run()
10 SYSTEMPATH\Boot.php(67): CodeIgniter\Boot::runCodeIgniter(Object(CodeIgniter\CodeIgniter))
11 FCPATH\index.php(56): CodeIgniter\Boot::bootWeb(Object(Config\Paths))
12 SYSTEMPATH\rewrite.php(44): require_once('C:\\xampp\\htdocs\\Ci4\\public\\index.php')
CRITICAL - 2024-10-19 11:20:09 --> ErrorException: Undefined array key "full_name"
[Method: GET, Route: articles/list]
in APPPATH\Views\articles\list.php on line 36.
 1 APPPATH\Views\articles\list.php(36): CodeIgniter\Debug\Exceptions->errorHandler(2, 'Undefined array key "full_name"', 'C:\\xampp\\htdocs\\Ci4\\app\\Views\\articles\\list.php', 36)
 2 SYSTEMPATH\View\View.php(234): include('C:\\xampp\\htdocs\\Ci4\\app\\Views\\articles\\list.php')
 3 SYSTEMPATH\View\View.php(237): CodeIgniter\View\View->CodeIgniter\View\{closure}()
 4 SYSTEMPATH\Common.php(1171): CodeIgniter\View\View->render('articles/list', [], true)
 5 APPPATH\Controllers\ArticleController.php(20): view('articles/list', [...])
 6 SYSTEMPATH\CodeIgniter.php(933): App\Controllers\ArticleController->list()
 7 SYSTEMPATH\CodeIgniter.php(509): CodeIgniter\CodeIgniter->runController(Object(App\Controllers\ArticleController))
 8 SYSTEMPATH\CodeIgniter.php(355): CodeIgniter\CodeIgniter->handleRequest(null, Object(Config\Cache), false)
 9 SYSTEMPATH\Boot.php(325): CodeIgniter\CodeIgniter->run()
10 SYSTEMPATH\Boot.php(67): CodeIgniter\Boot::runCodeIgniter(Object(CodeIgniter\CodeIgniter))
11 FCPATH\index.php(56): CodeIgniter\Boot::bootWeb(Object(Config\Paths))
12 SYSTEMPATH\rewrite.php(44): require_once('C:\\xampp\\htdocs\\Ci4\\public\\index.php')
CRITICAL - 2024-10-19 11:23:47 --> ErrorException: Undefined array key "full_name"
[Method: GET, Route: articles/list]
in APPPATH\Views\articles\list.php on line 36.
 1 APPPATH\Views\articles\list.php(36): CodeIgniter\Debug\Exceptions->errorHandler(2, 'Undefined array key "full_name"', 'C:\\xampp\\htdocs\\Ci4\\app\\Views\\articles\\list.php', 36)
 2 SYSTEMPATH\View\View.php(234): include('C:\\xampp\\htdocs\\Ci4\\app\\Views\\articles\\list.php')
 3 SYSTEMPATH\View\View.php(237): CodeIgniter\View\View->CodeIgniter\View\{closure}()
 4 SYSTEMPATH\Common.php(1171): CodeIgniter\View\View->render('articles/list', [], true)
 5 APPPATH\Controllers\ArticleController.php(20): view('articles/list', [...])
 6 SYSTEMPATH\CodeIgniter.php(933): App\Controllers\ArticleController->list()
 7 SYSTEMPATH\CodeIgniter.php(509): CodeIgniter\CodeIgniter->runController(Object(App\Controllers\ArticleController))
 8 SYSTEMPATH\CodeIgniter.php(355): CodeIgniter\CodeIgniter->handleRequest(null, Object(Config\Cache), false)
 9 SYSTEMPATH\Boot.php(325): CodeIgniter\CodeIgniter->run()
10 SYSTEMPATH\Boot.php(67): CodeIgniter\Boot::runCodeIgniter(Object(CodeIgniter\CodeIgniter))
11 FCPATH\index.php(56): CodeIgniter\Boot::bootWeb(Object(Config\Paths))
12 SYSTEMPATH\rewrite.php(44): require_once('C:\\xampp\\htdocs\\Ci4\\public\\index.php')
CRITICAL - 2024-10-19 11:33:35 --> ErrorException: Undefined array key "full_name"
[Method: GET, Route: articles/list]
in APPPATH\Views\articles\list.php on line 36.
 1 APPPATH\Views\articles\list.php(36): CodeIgniter\Debug\Exceptions->errorHandler(2, 'Undefined array key "full_name"', 'C:\\xampp\\htdocs\\Ci4\\app\\Views\\articles\\list.php', 36)
 2 SYSTEMPATH\View\View.php(234): include('C:\\xampp\\htdocs\\Ci4\\app\\Views\\articles\\list.php')
 3 SYSTEMPATH\View\View.php(237): CodeIgniter\View\View->CodeIgniter\View\{closure}()
 4 SYSTEMPATH\Common.php(1171): CodeIgniter\View\View->render('articles/list', [], true)
 5 APPPATH\Controllers\ArticleController.php(20): view('articles/list', [...])
 6 SYSTEMPATH\CodeIgniter.php(933): App\Controllers\ArticleController->list()
 7 SYSTEMPATH\CodeIgniter.php(509): CodeIgniter\CodeIgniter->runController(Object(App\Controllers\ArticleController))
 8 SYSTEMPATH\CodeIgniter.php(355): CodeIgniter\CodeIgniter->handleRequest(null, Object(Config\Cache), false)
 9 SYSTEMPATH\Boot.php(325): CodeIgniter\CodeIgniter->run()
10 SYSTEMPATH\Boot.php(67): CodeIgniter\Boot::runCodeIgniter(Object(CodeIgniter\CodeIgniter))
11 FCPATH\index.php(56): CodeIgniter\Boot::bootWeb(Object(Config\Paths))
12 SYSTEMPATH\rewrite.php(44): require_once('C:\\xampp\\htdocs\\Ci4\\public\\index.php')
CRITICAL - 2024-10-19 11:35:31 --> ErrorException: Undefined array key "full_name"
[Method: GET, Route: articles/list]
in APPPATH\Views\articles\list.php on line 36.
 1 APPPATH\Views\articles\list.php(36): CodeIgniter\Debug\Exceptions->errorHandler(2, 'Undefined array key "full_name"', 'C:\\xampp\\htdocs\\Ci4\\app\\Views\\articles\\list.php', 36)
 2 SYSTEMPATH\View\View.php(234): include('C:\\xampp\\htdocs\\Ci4\\app\\Views\\articles\\list.php')
 3 SYSTEMPATH\View\View.php(237): CodeIgniter\View\View->CodeIgniter\View\{closure}()
 4 SYSTEMPATH\Common.php(1171): CodeIgniter\View\View->render('articles/list', [], true)
 5 APPPATH\Controllers\ArticleController.php(20): view('articles/list', [...])
 6 SYSTEMPATH\CodeIgniter.php(933): App\Controllers\ArticleController->list()
 7 SYSTEMPATH\CodeIgniter.php(509): CodeIgniter\CodeIgniter->runController(Object(App\Controllers\ArticleController))
 8 SYSTEMPATH\CodeIgniter.php(355): CodeIgniter\CodeIgniter->handleRequest(null, Object(Config\Cache), false)
 9 SYSTEMPATH\Boot.php(325): CodeIgniter\CodeIgniter->run()
10 SYSTEMPATH\Boot.php(67): CodeIgniter\Boot::runCodeIgniter(Object(CodeIgniter\CodeIgniter))
11 FCPATH\index.php(56): CodeIgniter\Boot::bootWeb(Object(Config\Paths))
12 SYSTEMPATH\rewrite.php(44): require_once('C:\\xampp\\htdocs\\Ci4\\public\\index.php')
CRITICAL - 2024-10-19 11:49:01 --> ErrorException: Undefined array key "full_name"
[Method: GET, Route: articles/list]
in APPPATH\Views\articles\list.php on line 36.
 1 APPPATH\Views\articles\list.php(36): CodeIgniter\Debug\Exceptions->errorHandler(2, 'Undefined array key "full_name"', 'C:\\xampp\\htdocs\\Ci4\\app\\Views\\articles\\list.php', 36)
 2 SYSTEMPATH\View\View.php(234): include('C:\\xampp\\htdocs\\Ci4\\app\\Views\\articles\\list.php')
 3 SYSTEMPATH\View\View.php(237): CodeIgniter\View\View->CodeIgniter\View\{closure}()
 4 SYSTEMPATH\Common.php(1171): CodeIgniter\View\View->render('articles/list', [], true)
 5 APPPATH\Controllers\ArticleController.php(20): view('articles/list', [...])
 6 SYSTEMPATH\CodeIgniter.php(933): App\Controllers\ArticleController->list()
 7 SYSTEMPATH\CodeIgniter.php(509): CodeIgniter\CodeIgniter->runController(Object(App\Controllers\ArticleController))
 8 SYSTEMPATH\CodeIgniter.php(355): CodeIgniter\CodeIgniter->handleRequest(null, Object(Config\Cache), false)
 9 SYSTEMPATH\Boot.php(325): CodeIgniter\CodeIgniter->run()
10 SYSTEMPATH\Boot.php(67): CodeIgniter\Boot::runCodeIgniter(Object(CodeIgniter\CodeIgniter))
11 FCPATH\index.php(56): CodeIgniter\Boot::bootWeb(Object(Config\Paths))
12 SYSTEMPATH\rewrite.php(44): require_once('C:\\xampp\\htdocs\\Ci4\\public\\index.php')
ERROR - 2024-10-19 11:56:32 --> mysqli_sql_exception: Unknown column 'full_name' in 'field list' in C:\xampp\htdocs\Ci4\system\Database\MySQLi\Connection.php:312
Stack trace:
#0 C:\xampp\htdocs\Ci4\system\Database\MySQLi\Connection.php(312): mysqli->query('INSERT INTO `ar...', 0)
#1 C:\xampp\htdocs\Ci4\system\Database\BaseConnection.php(734): CodeIgniter\Database\MySQLi\Connection->execute('INSERT INTO `ar...')
#2 C:\xampp\htdocs\Ci4\system\Database\BaseConnection.php(648): CodeIgniter\Database\BaseConnection->simpleQuery('INSERT INTO `ar...')
#3 C:\xampp\htdocs\Ci4\system\Database\BaseBuilder.php(2340): CodeIgniter\Database\BaseConnection->query('INSERT INTO `ar...', Array, false)
#4 C:\xampp\htdocs\Ci4\system\Model.php(394): CodeIgniter\Database\BaseBuilder->insert()
#5 C:\xampp\htdocs\Ci4\system\BaseModel.php(840): CodeIgniter\Model->doInsert(Array)
#6 C:\xampp\htdocs\Ci4\system\Model.php(802): CodeIgniter\BaseModel->insert(Array, true)
#7 C:\xampp\htdocs\Ci4\app\Controllers\ArticleController.php(60): CodeIgniter\Model->insert(Array)
#8 C:\xampp\htdocs\Ci4\system\CodeIgniter.php(933): App\Controllers\ArticleController->save()
#9 C:\xampp\htdocs\Ci4\system\CodeIgniter.php(509): CodeIgniter\CodeIgniter->runController(Object(App\Controllers\ArticleController))
#10 C:\xampp\htdocs\Ci4\system\CodeIgniter.php(355): CodeIgniter\CodeIgniter->handleRequest(NULL, Object(Config\Cache), false)
#11 C:\xampp\htdocs\Ci4\system\Boot.php(325): CodeIgniter\CodeIgniter->run()
#12 C:\xampp\htdocs\Ci4\system\Boot.php(67): CodeIgniter\Boot::runCodeIgniter(Object(CodeIgniter\CodeIgniter))
#13 C:\xampp\htdocs\Ci4\public\index.php(56): CodeIgniter\Boot::bootWeb(Object(Config\Paths))
#14 C:\xampp\htdocs\Ci4\system\rewrite.php(44): require_once('C:\\xampp\\htdocs...')
#15 {main}
CRITICAL - 2024-10-19 11:56:32 --> CodeIgniter\Database\Exceptions\DatabaseException: Unknown column 'full_name' in 'field list'
[Method: POST, Route: articles/save]
in SYSTEMPATH\Database\BaseConnection.php on line 688.
 1 SYSTEMPATH\Database\BaseBuilder.php(2340): CodeIgniter\Database\BaseConnection->query('INSERT INTO `articles` (`full_name`, `phone_number`, `email_address`) VALUES (:full_name:, :phone_number:, :email_address:)', [...], false)
 2 SYSTEMPATH\Model.php(394): CodeIgniter\Database\BaseBuilder->insert()
 3 SYSTEMPATH\BaseModel.php(840): CodeIgniter\Model->doInsert([...])
 4 SYSTEMPATH\Model.php(802): CodeIgniter\BaseModel->insert([...], true)
 5 APPPATH\Controllers\ArticleController.php(60): CodeIgniter\Model->insert([...])
 6 SYSTEMPATH\CodeIgniter.php(933): App\Controllers\ArticleController->save()
 7 SYSTEMPATH\CodeIgniter.php(509): CodeIgniter\CodeIgniter->runController(Object(App\Controllers\ArticleController))
 8 SYSTEMPATH\CodeIgniter.php(355): CodeIgniter\CodeIgniter->handleRequest(null, Object(Config\Cache), false)
 9 SYSTEMPATH\Boot.php(325): CodeIgniter\CodeIgniter->run()
10 SYSTEMPATH\Boot.php(67): CodeIgniter\Boot::runCodeIgniter(Object(CodeIgniter\CodeIgniter))
11 FCPATH\index.php(56): CodeIgniter\Boot::bootWeb(Object(Config\Paths))
12 SYSTEMPATH\rewrite.php(44): require_once('C:\\xampp\\htdocs\\Ci4\\public\\index.php')
CRITICAL - 2024-10-19 11:56:32 --> [Caused by] CodeIgniter\Database\Exceptions\DatabaseException: Unknown column 'full_name' in 'field list'
in SYSTEMPATH\Database\MySQLi\Connection.php on line 317.
 1 SYSTEMPATH\Database\BaseConnection.php(734): CodeIgniter\Database\MySQLi\Connection->execute('INSERT INTO `articles` (`full_name`, `phone_number`, `email_address`) VALUES (\'vaibhav yadav\', \'7054868004\', \'kumar@gmail.com\')')
 2 SYSTEMPATH\Database\BaseConnection.php(648): CodeIgniter\Database\BaseConnection->simpleQuery('INSERT INTO `articles` (`full_name`, `phone_number`, `email_address`) VALUES (\'vaibhav yadav\', \'7054868004\', \'kumar@gmail.com\')')
 3 SYSTEMPATH\Database\BaseBuilder.php(2340): CodeIgniter\Database\BaseConnection->query('INSERT INTO `articles` (`full_name`, `phone_number`, `email_address`) VALUES (:full_name:, :phone_number:, :email_address:)', [...], false)
 4 SYSTEMPATH\Model.php(394): CodeIgniter\Database\BaseBuilder->insert()
 5 SYSTEMPATH\BaseModel.php(840): CodeIgniter\Model->doInsert([...])
 6 SYSTEMPATH\Model.php(802): CodeIgniter\BaseModel->insert([...], true)
 7 APPPATH\Controllers\ArticleController.php(60): CodeIgniter\Model->insert([...])
 8 SYSTEMPATH\CodeIgniter.php(933): App\Controllers\ArticleController->save()
 9 SYSTEMPATH\CodeIgniter.php(509): CodeIgniter\CodeIgniter->runController(Object(App\Controllers\ArticleController))
10 SYSTEMPATH\CodeIgniter.php(355): CodeIgniter\CodeIgniter->handleRequest(null, Object(Config\Cache), false)
11 SYSTEMPATH\Boot.php(325): CodeIgniter\CodeIgniter->run()
12 SYSTEMPATH\Boot.php(67): CodeIgniter\Boot::runCodeIgniter(Object(CodeIgniter\CodeIgniter))
13 FCPATH\index.php(56): CodeIgniter\Boot::bootWeb(Object(Config\Paths))
14 SYSTEMPATH\rewrite.php(44): require_once('C:\\xampp\\htdocs\\Ci4\\public\\index.php')
CRITICAL - 2024-10-19 11:56:32 --> [Caused by] mysqli_sql_exception: Unknown column 'full_name' in 'field list'
in SYSTEMPATH\Database\MySQLi\Connection.php on line 312.
 1 SYSTEMPATH\Database\MySQLi\Connection.php(312): mysqli->query('INSERT INTO `articles` (`full_name`, `phone_number`, `email_address`) VALUES (\'vaibhav yadav\', \'7054868004\', \'kumar@gmail.com\')', 0)
 2 SYSTEMPATH\Database\BaseConnection.php(734): CodeIgniter\Database\MySQLi\Connection->execute('INSERT INTO `articles` (`full_name`, `phone_number`, `email_address`) VALUES (\'vaibhav yadav\', \'7054868004\', \'kumar@gmail.com\')')
 3 SYSTEMPATH\Database\BaseConnection.php(648): CodeIgniter\Database\BaseConnection->simpleQuery('INSERT INTO `articles` (`full_name`, `phone_number`, `email_address`) VALUES (\'vaibhav yadav\', \'7054868004\', \'kumar@gmail.com\')')
 4 SYSTEMPATH\Database\BaseBuilder.php(2340): CodeIgniter\Database\BaseConnection->query('INSERT INTO `articles` (`full_name`, `phone_number`, `email_address`) VALUES (:full_name:, :phone_number:, :email_address:)', [...], false)
 5 SYSTEMPATH\Model.php(394): CodeIgniter\Database\BaseBuilder->insert()
 6 SYSTEMPATH\BaseModel.php(840): CodeIgniter\Model->doInsert([...])
 7 SYSTEMPATH\Model.php(802): CodeIgniter\BaseModel->insert([...], true)
 8 APPPATH\Controllers\ArticleController.php(60): CodeIgniter\Model->insert([...])
 9 SYSTEMPATH\CodeIgniter.php(933): App\Controllers\ArticleController->save()
10 SYSTEMPATH\CodeIgniter.php(509): CodeIgniter\CodeIgniter->runController(Object(App\Controllers\ArticleController))
11 SYSTEMPATH\CodeIgniter.php(355): CodeIgniter\CodeIgniter->handleRequest(null, Object(Config\Cache), false)
12 SYSTEMPATH\Boot.php(325): CodeIgniter\CodeIgniter->run()
13 SYSTEMPATH\Boot.php(67): CodeIgniter\Boot::runCodeIgniter(Object(CodeIgniter\CodeIgniter))
14 FCPATH\index.php(56): CodeIgniter\Boot::bootWeb(Object(Config\Paths))
15 SYSTEMPATH\rewrite.php(44): require_once('C:\\xampp\\htdocs\\Ci4\\public\\index.php')
CRITICAL - 2024-10-19 12:06:09 --> ErrorException: Undefined array key "full_name"
[Method: GET, Route: articles/list]
in APPPATH\Views\articles\list.php on line 39.
 1 APPPATH\Views\articles\list.php(39): CodeIgniter\Debug\Exceptions->errorHandler(2, 'Undefined array key "full_name"', 'C:\\xampp\\htdocs\\Ci4\\app\\Views\\articles\\list.php', 39)
 2 SYSTEMPATH\View\View.php(234): include('C:\\xampp\\htdocs\\Ci4\\app\\Views\\articles\\list.php')
 3 SYSTEMPATH\View\View.php(237): CodeIgniter\View\View->CodeIgniter\View\{closure}()
 4 SYSTEMPATH\Common.php(1171): CodeIgniter\View\View->render('articles/list', [], true)
 5 APPPATH\Controllers\ArticleController.php(19): view('articles/list', [...])
 6 SYSTEMPATH\CodeIgniter.php(933): App\Controllers\ArticleController->list()
 7 SYSTEMPATH\CodeIgniter.php(509): CodeIgniter\CodeIgniter->runController(Object(App\Controllers\ArticleController))
 8 SYSTEMPATH\CodeIgniter.php(355): CodeIgniter\CodeIgniter->handleRequest(null, Object(Config\Cache), false)
 9 SYSTEMPATH\Boot.php(325): CodeIgniter\CodeIgniter->run()
10 SYSTEMPATH\Boot.php(67): CodeIgniter\Boot::runCodeIgniter(Object(CodeIgniter\CodeIgniter))
11 FCPATH\index.php(56): CodeIgniter\Boot::bootWeb(Object(Config\Paths))
12 SYSTEMPATH\rewrite.php(44): require_once('C:\\xampp\\htdocs\\Ci4\\public\\index.php')
ERROR - 2024-10-19 12:09:23 --> mysqli_sql_exception: Unknown column 'full_name' in 'field list' in C:\xampp\htdocs\Ci4\system\Database\MySQLi\Connection.php:312
Stack trace:
#0 C:\xampp\htdocs\Ci4\system\Database\MySQLi\Connection.php(312): mysqli->query('INSERT INTO `ar...', 0)
#1 C:\xampp\htdocs\Ci4\system\Database\BaseConnection.php(734): CodeIgniter\Database\MySQLi\Connection->execute('INSERT INTO `ar...')
#2 C:\xampp\htdocs\Ci4\system\Database\BaseConnection.php(648): CodeIgniter\Database\BaseConnection->simpleQuery('INSERT INTO `ar...')
#3 C:\xampp\htdocs\Ci4\system\Database\BaseBuilder.php(2340): CodeIgniter\Database\BaseConnection->query('INSERT INTO `ar...', Array, false)
#4 C:\xampp\htdocs\Ci4\system\Model.php(394): CodeIgniter\Database\BaseBuilder->insert()
#5 C:\xampp\htdocs\Ci4\system\BaseModel.php(840): CodeIgniter\Model->doInsert(Array)
#6 C:\xampp\htdocs\Ci4\system\Model.php(802): CodeIgniter\BaseModel->insert(Array, true)
#7 C:\xampp\htdocs\Ci4\app\Controllers\ArticleController.php(60): CodeIgniter\Model->insert(Array)
#8 C:\xampp\htdocs\Ci4\system\CodeIgniter.php(933): App\Controllers\ArticleController->save()
#9 C:\xampp\htdocs\Ci4\system\CodeIgniter.php(509): CodeIgniter\CodeIgniter->runController(Object(App\Controllers\ArticleController))
#10 C:\xampp\htdocs\Ci4\system\CodeIgniter.php(355): CodeIgniter\CodeIgniter->handleRequest(NULL, Object(Config\Cache), false)
#11 C:\xampp\htdocs\Ci4\system\Boot.php(325): CodeIgniter\CodeIgniter->run()
#12 C:\xampp\htdocs\Ci4\system\Boot.php(67): CodeIgniter\Boot::runCodeIgniter(Object(CodeIgniter\CodeIgniter))
#13 C:\xampp\htdocs\Ci4\public\index.php(56): CodeIgniter\Boot::bootWeb(Object(Config\Paths))
#14 C:\xampp\htdocs\Ci4\system\rewrite.php(44): require_once('C:\\xampp\\htdocs...')
#15 {main}
CRITICAL - 2024-10-19 12:09:23 --> CodeIgniter\Database\Exceptions\DatabaseException: Unknown column 'full_name' in 'field list'
[Method: POST, Route: articles/save]
in SYSTEMPATH\Database\BaseConnection.php on line 688.
 1 SYSTEMPATH\Database\BaseBuilder.php(2340): CodeIgniter\Database\BaseConnection->query('INSERT INTO `articles` (`full_name`, `phone_number`, `email_address`) VALUES (:full_name:, :phone_number:, :email_address:)', [...], false)
 2 SYSTEMPATH\Model.php(394): CodeIgniter\Database\BaseBuilder->insert()
 3 SYSTEMPATH\BaseModel.php(840): CodeIgniter\Model->doInsert([...])
 4 SYSTEMPATH\Model.php(802): CodeIgniter\BaseModel->insert([...], true)
 5 APPPATH\Controllers\ArticleController.php(60): CodeIgniter\Model->insert([...])
 6 SYSTEMPATH\CodeIgniter.php(933): App\Controllers\ArticleController->save()
 7 SYSTEMPATH\CodeIgniter.php(509): CodeIgniter\CodeIgniter->runController(Object(App\Controllers\ArticleController))
 8 SYSTEMPATH\CodeIgniter.php(355): CodeIgniter\CodeIgniter->handleRequest(null, Object(Config\Cache), false)
 9 SYSTEMPATH\Boot.php(325): CodeIgniter\CodeIgniter->run()
10 SYSTEMPATH\Boot.php(67): CodeIgniter\Boot::runCodeIgniter(Object(CodeIgniter\CodeIgniter))
11 FCPATH\index.php(56): CodeIgniter\Boot::bootWeb(Object(Config\Paths))
12 SYSTEMPATH\rewrite.php(44): require_once('C:\\xampp\\htdocs\\Ci4\\public\\index.php')
CRITICAL - 2024-10-19 12:09:23 --> [Caused by] CodeIgniter\Database\Exceptions\DatabaseException: Unknown column 'full_name' in 'field list'
in SYSTEMPATH\Database\MySQLi\Connection.php on line 317.
 1 SYSTEMPATH\Database\BaseConnection.php(734): CodeIgniter\Database\MySQLi\Connection->execute('INSERT INTO `articles` (`full_name`, `phone_number`, `email_address`) VALUES (\'Vaibhav yadav\', \'7054868004\', \'kumar@gmail.com\')')
 2 SYSTEMPATH\Database\BaseConnection.php(648): CodeIgniter\Database\BaseConnection->simpleQuery('INSERT INTO `articles` (`full_name`, `phone_number`, `email_address`) VALUES (\'Vaibhav yadav\', \'7054868004\', \'kumar@gmail.com\')')
 3 SYSTEMPATH\Database\BaseBuilder.php(2340): CodeIgniter\Database\BaseConnection->query('INSERT INTO `articles` (`full_name`, `phone_number`, `email_address`) VALUES (:full_name:, :phone_number:, :email_address:)', [...], false)
 4 SYSTEMPATH\Model.php(394): CodeIgniter\Database\BaseBuilder->insert()
 5 SYSTEMPATH\BaseModel.php(840): CodeIgniter\Model->doInsert([...])
 6 SYSTEMPATH\Model.php(802): CodeIgniter\BaseModel->insert([...], true)
 7 APPPATH\Controllers\ArticleController.php(60): CodeIgniter\Model->insert([...])
 8 SYSTEMPATH\CodeIgniter.php(933): App\Controllers\ArticleController->save()
 9 SYSTEMPATH\CodeIgniter.php(509): CodeIgniter\CodeIgniter->runController(Object(App\Controllers\ArticleController))
10 SYSTEMPATH\CodeIgniter.php(355): CodeIgniter\CodeIgniter->handleRequest(null, Object(Config\Cache), false)
11 SYSTEMPATH\Boot.php(325): CodeIgniter\CodeIgniter->run()
12 SYSTEMPATH\Boot.php(67): CodeIgniter\Boot::runCodeIgniter(Object(CodeIgniter\CodeIgniter))
13 FCPATH\index.php(56): CodeIgniter\Boot::bootWeb(Object(Config\Paths))
14 SYSTEMPATH\rewrite.php(44): require_once('C:\\xampp\\htdocs\\Ci4\\public\\index.php')
CRITICAL - 2024-10-19 12:09:23 --> [Caused by] mysqli_sql_exception: Unknown column 'full_name' in 'field list'
in SYSTEMPATH\Database\MySQLi\Connection.php on line 312.
 1 SYSTEMPATH\Database\MySQLi\Connection.php(312): mysqli->query('INSERT INTO `articles` (`full_name`, `phone_number`, `email_address`) VALUES (\'Vaibhav yadav\', \'7054868004\', \'kumar@gmail.com\')', 0)
 2 SYSTEMPATH\Database\BaseConnection.php(734): CodeIgniter\Database\MySQLi\Connection->execute('INSERT INTO `articles` (`full_name`, `phone_number`, `email_address`) VALUES (\'Vaibhav yadav\', \'7054868004\', \'kumar@gmail.com\')')
 3 SYSTEMPATH\Database\BaseConnection.php(648): CodeIgniter\Database\BaseConnection->simpleQuery('INSERT INTO `articles` (`full_name`, `phone_number`, `email_address`) VALUES (\'Vaibhav yadav\', \'7054868004\', \'kumar@gmail.com\')')
 4 SYSTEMPATH\Database\BaseBuilder.php(2340): CodeIgniter\Database\BaseConnection->query('INSERT INTO `articles` (`full_name`, `phone_number`, `email_address`) VALUES (:full_name:, :phone_number:, :email_address:)', [...], false)
 5 SYSTEMPATH\Model.php(394): CodeIgniter\Database\BaseBuilder->insert()
 6 SYSTEMPATH\BaseModel.php(840): CodeIgniter\Model->doInsert([...])
 7 SYSTEMPATH\Model.php(802): CodeIgniter\BaseModel->insert([...], true)
 8 APPPATH\Controllers\ArticleController.php(60): CodeIgniter\Model->insert([...])
 9 SYSTEMPATH\CodeIgniter.php(933): App\Controllers\ArticleController->save()
10 SYSTEMPATH\CodeIgniter.php(509): CodeIgniter\CodeIgniter->runController(Object(App\Controllers\ArticleController))
11 SYSTEMPATH\CodeIgniter.php(355): CodeIgniter\CodeIgniter->handleRequest(null, Object(Config\Cache), false)
12 SYSTEMPATH\Boot.php(325): CodeIgniter\CodeIgniter->run()
13 SYSTEMPATH\Boot.php(67): CodeIgniter\Boot::runCodeIgniter(Object(CodeIgniter\CodeIgniter))
14 FCPATH\index.php(56): CodeIgniter\Boot::bootWeb(Object(Config\Paths))
15 SYSTEMPATH\rewrite.php(44): require_once('C:\\xampp\\htdocs\\Ci4\\public\\index.php')
CRITICAL - 2024-10-19 12:16:04 --> ErrorException: Undefined array key "full_name"
[Method: GET, Route: articles/list]
in APPPATH\Views\articles\list.php on line 40.
 1 APPPATH\Views\articles\list.php(40): CodeIgniter\Debug\Exceptions->errorHandler(2, 'Undefined array key "full_name"', 'C:\\xampp\\htdocs\\Ci4\\app\\Views\\articles\\list.php', 40)
 2 SYSTEMPATH\View\View.php(234): include('C:\\xampp\\htdocs\\Ci4\\app\\Views\\articles\\list.php')
 3 SYSTEMPATH\View\View.php(237): CodeIgniter\View\View->CodeIgniter\View\{closure}()
 4 SYSTEMPATH\Common.php(1171): CodeIgniter\View\View->render('articles/list', [], true)
 5 APPPATH\Controllers\ArticleController.php(20): view('articles/list', [...])
 6 SYSTEMPATH\CodeIgniter.php(933): App\Controllers\ArticleController->list()
 7 SYSTEMPATH\CodeIgniter.php(509): CodeIgniter\CodeIgniter->runController(Object(App\Controllers\ArticleController))
 8 SYSTEMPATH\CodeIgniter.php(355): CodeIgniter\CodeIgniter->handleRequest(null, Object(Config\Cache), false)
 9 SYSTEMPATH\Boot.php(325): CodeIgniter\CodeIgniter->run()
10 SYSTEMPATH\Boot.php(67): CodeIgniter\Boot::runCodeIgniter(Object(CodeIgniter\CodeIgniter))
11 FCPATH\index.php(56): CodeIgniter\Boot::bootWeb(Object(Config\Paths))
12 SYSTEMPATH\rewrite.php(44): require_once('C:\\xampp\\htdocs\\Ci4\\public\\index.php')
